3 216 282 31 
5 167 180 174 45 274 
4 0 33 146 152 
3 116 284 78 
3 296 222 141 
3 168 241 242 
3 54 239 12 
3 34 40 106 
3 108 230 181 
3 85 121 104 
3 275 202 55 
3 87 217 292 
3 41 271 43 
3 184 102 255 
3 164 29 196 
3 249 204 264 
3 99 128 223 
3 212 244 51 
3 110 28 238 
3 88 64 192 
3 75 157 59 
3 103 214 250 
3 80 122 176 
3 72 172 266 
3 4 185 289 
3 8 82 115 
3 7 14 155 
3 294 26 280 
3 148 158 145 
3 134 295 142 
3 162 50 71 
3 259 111 67 
3 159 254 182 
3 286 243 154 
3 246 209 297 
3 299 268 100 
3 203 68 66 
3 24 207 288 
3 133 86 252 
3 210 3 256 
3 62 258 126 
3 161 27 228 
3 127 89 231 
3 13 253 17 
3 260 191 251 
3 276 236 215 
3 136 11 30 
3 220 170 120 
3 92 298 47 
3 95 177 186 
3 58 61 206 
3 137 160 262 
3 290 197 143 
3 227 109 233 
3 193 163 229 
3 15 23 1 
3 218 195 272 
3 273 22 97 
3 150 73 194 
3 285 237 37 
3 225 190 123 
3 107 269 270 
3 74 117 279 
3 144 42 189 
3 56 114 46 
3 105 147 94 
3 18 6 69 
3 171 140 135 
3 187 283 208 
3 263 90 211 
3 38 119 52 
3 63 25 173 
3 125 48 240 
3 156 10 293 
3 261 101 278 
3 60 70 49 
3 200 287 169 
3 57 93 178 
3 19 201 257 
3 198 131 247 
3 213 76 153 
3 267 83 77 
3 44 235 84 
3 129 118 9 
3 79 139 183 
3 245 138 151 
3 226 5 175 
3 21 81 149 
3 113 16 130 
3 224 124 2 
3 91 291 165 
3 232 205 132 
2 166 20 
2 96 98 
2 188 248 
2 39 112 
2 53 265 
2 277 35 
2 281 219 
2 32 199 
