21 677 3696 4806 4357 9534 4365 6043 5565 4316 2311 4850 4097 5754 8354 5492 9126 324 2005 1213 3035 6994 
14 4377 1178 32 8186 6389 6201 6888 9418 7995 5750 7437 8724 8888 7017 
21 1066 719 3616 6839 9015 4608 2341 7130 9331 2016 9572 2471 418 1878 2878 2604 7801 662 2623 70 9811 
24 7463 6252 3220 7659 8007 4899 8545 5911 8986 2431 9821 2700 3738 9181 6572 9591 4917 5823 6632 7511 7450 4181 5811 6465 
10 2920 7270 6985 2137 2596 4312 9867 4647 2445 1172 
15 4094 8773 2817 7520 2719 7047 7095 1092 2953 6487 652 8999 5867 6212 8980 
17 4008 7013 7693 1989 5401 5333 5759 8457 7596 2427 8483 9271 3932 7268 3422 5652 3780 
12 7475 2009 2581 9928 4210 3519 6837 5056 8663 289 1120 9396 
8 8310 9504 7915 5947 5918 7989 5836 89 
21 6002 2465 3918 8024 2538 8309 6000 9872 1686 2291 8956 4206 2541 2396 9332 9885 2070 7946 8216 3126 2964 
42 9393 9976 1512 5113 2681 4153 9289 9738 2665 9505 7562 5567 8659 5386 1715 490 5999 9941 8933 5904 2084 5421 1289 217 8003 2242 7175 5863 2367 5327 1760 2638 1404 3033 8942 5075 9922 1398 9676 901 8538 2200 
18 6783 4379 4984 1113 842 1208 7150 3574 4033 2175 2159 6975 3567 8689 619 6754 9515 5130 
26 5335 9256 1406 5228 5766 3940 1422 4328 7907 6297 5481 2402 7620 774 3137 1307 6542 6298 5484 8969 539 363 8651 5741 344 3491 
33 88 3607 9935 4693 2495 2881 8747 4587 6647 1436 6178 890 8871 8366 1736 7403 7708 8476 2995 6282 1025 3801 8734 5438 3733 6653 9887 410 1698 2421 6569 6978 818 
35 2432 837 5497 7114 9347 7319 7243 8831 6399 120 9900 2477 7931 7194 3597 7205 9103 3277 744 4898 4460 3982 7072 968 7703 1811 651 9525 6046 7087 7183 5055 1958 4568 757 
10 3156 9847 2166 699 8967 6775 9063 3273 8825 3638 
20 7965 8878 4202 2948 9438 8494 4628 880 9361 9421 4590 958 9630 6608 450 8676 5416 6637 8330 1972 
32 8175 9752 1170 3197 9544 6547 3058 8059 5433 7256 4744 9812 6056 8819 3428 3470 2631 8917 1682 2950 5984 4684 3730 5119 8358 5266 2707 3720 299 6844 6112 9878 
26 2356 2735 7108 2967 9611 8099 4086 953 1747 8492 5929 134 78 8593 3406 8992 4262 9518 4945 1706 8202 7244 2824 593 4412 1022 
15 3869 9084 8711 6703 6885 9474 9330 1031 537 6129 8234 5206 7059 6534 3284 
21 2571 48 7429 3236 1605 5991 6367 1485 3336 5255 1765 3516 6894 2932 7038 3728 9719 5399 8910 1052 5547 
22 5299 7657 7198 5541 6739 2059 7203 1537 8324 7316 1752 6386 3765 8988 3772 3 6366 9917 3824 5114 9782 1082 
20 9707 4090 9405 789 4836 3602 1381 9838 9686 556 9605 8885 2872 5671 9417 4994 4861 6322 82 6350 
32 7928 3442 3540 493 933 2577 3732 8642 1441 1109 5847 3228 1048 9882 1748 3977 4569 173 5575 8738 9755 6372 3526 2890 1362 3084 5791 2823 265 7136 9210 749 
10 1543 5693 2297 2105 6059 4473 7757 9428 2430 8499 
19 84 672 3005 9473 1625 730 7000 7380 8854 9858 2753 6716 9652 4866 7680 5163 3449 6527 4354 
19 2949 6822 6150 3368 4245 7665 560 9077 8312 5610 7045 8788 7385 8949 6317 6944 7537 962 170 
28 4525 4494 1637 817 7287 1013 2963 5516 4050 6356 2217 4713 5260 7903 272 7231 2498 8289 8903 3893 9939 4429 4359 6478 8241 4526 9807 7678 
15 4839 549 7889 9267 6942 119 5627 8298 2505 523 8316 408 3592 4646 3125 
35 2135 9619 8290 6558 9144 6818 531 1160 6243 4293 2052 2444 1800 1592 6682 1275 1566 3912 7327 3545 1836 94 2257 628 3563 574 8322 4488 1542 3189 3698 4392 5138 5404 8606 
15 1335 1305 8557 3358 7301 6561 8905 5505 6166 7431 2310 4728 4310 2940 3218 
27 5440 9563 6404 2123 6875 7580 9654 9130 6643 4130 388 6907 3450 9208 4096 3282 5140 1822 1783 1236 8549 2486 1036 2564 5499 2113 8308 
15 1315 6263 1384 7948 2548 3427 5726 4577 4462 4447 6074 7395 9196 3791 5939 
31 2519 5192 8484 5213 6658 7116 332 6293 4481 6971 5764 1248 4062 8620 2882 6726 6353 5587 1918 6948 6528 7844 3506 9791 1703 5784 7204 899 1350 8279 5821 
11 6466 3055 4583 9469 1206 7576 7259 9247 4443 4471 5685 
22 8640 1097 3147 1755 1299 8901 4690 1688 399 1513 4805 4810 7273 1671 6588 1687 2022 653 5142 5450 2349 6834 
26 5970 4601 6745 1326 704 7745 6283 8542 9238 4937 8814 9023 5292 6995 6117 1446 4051 5111 1089 6624 6934 6335 3274 1479 9146 1951 
34 187 9003 3409 1438 3826 8586 6765 318 2952 6313 7342 6081 1643 2921 3997 5062 9574 6708 2710 4489 3674 9506 1618 2752 9201 7 4146 5745 4599 440 6445 3671 7831 8078 
23 5018 2247 1609 9595 8224 956 6523 6133 9458 6188 5702 715 8510 9980 2846 9592 6699 7627 8516 495 4173 3088 1517 
21 3253 2015 4011 6132 8153 8779 5220 8390 701 6027 1388 727 3091 3081 5518 7084 7859 3250 1129 8508 1898 
24 4309 4742 190 3257 7471 7249 1252 9819 5799 9158 8228 1143 6064 4322 8280 2030 8778 5633 3355 7242 747 8036 6311 7673 
21 1757 700 9090 2714 1421 4107 9951 3366 4872 9075 7778 4528 6042 8365 3889 5924 486 9984 8222 8879 9317 
26 1515 423 658 1323 4537 7638 3875 5719 3370 1245 1487 300 7933 9817 2393 3570 93 8140 1772 3832 6530 9049 3318 4484 9608 9721 
31 3629 8518 3249 9406 4428 7648 6338 9702 2470 5674 595 9357 8014 5323 4634 6838 6898 893 1255 7266 946 9490 8725 5986 1357 5577 3650 4389 2816 5010 835 
33 7956 1273 9402 9128 1251 6450 830 1465 6537 9742 7808 2515 7422 7624 7865 6290 7547 5364 1468 6897 7018 5943 1945 3960 9663 9587 6586 8765 9338 6136 7813 8156 4018 
19 6670 8731 8458 3024 3066 4410 164 6402 6580 1746 7445 8984 5915 3086 863 4175 4952 1284 7733 
9 303 6689 9649 5358 6735 4761 9925 6190 7500 
6 7399 8890 636 2342 9365 8000 
21 6412 9514 3294 3640 5517 1233 846 1835 6272 2802 156 8062 1710 7822 2191 3714 5097 2443 7531 7773 1868 
27 8292 2720 7612 3758 3317 6710 6615 4615 9678 7411 9265 8667 6156 3790 938 3432 8126 9884 4457 5117 1065 6308 7583 6755 3599 9723 1254 
35 1209 7861 7028 8736 6329 3976 7602 5620 6446 7386 5170 2108 4353 2023 5101 6437 8883 3776 5976 5139 517 9697 6204 5722 9870 2354 3481 6276 3706 4581 9413 1793 932 5555 7458 
33 5868 3090 2424 6135 4781 6740 4507 2323 8973 353 847 8075 1466 1861 7440 3323 232 7788 809 2644 803 9372 2772 451 8465 4192 4367 4129 3922 5345 5348 948 1359 
19 2695 713 5727 1773 328 5017 7226 1693 3993 2171 7613 4852 6954 5960 966 8275 1452 4554 3887 
22 4078 7936 4938 4456 3269 2400 6679 9244 7917 4234 2582 4835 2029 6577 9115 7756 8267 9642 9290 2961 5232 8057 
14 1992 6277 1784 2079 6110 3176 435 8940 2482 8719 543 1298 632 8727 
16 9313 203 9731 1990 6315 9895 2514 7050 1360 2249 2131 9601 7530 4049 9736 9176 
40 568 5934 7864 5387 7329 3459 4867 9625 8445 7041 1583 4834 2156 1589 3811 4224 3752 7222 6235 3534 3213 2116 909 6102 3979 6855 1824 748 7388 4505 8592 2579 2195 2069 36 9005 4702 2219 1731 5855 
12 474 6901 1492 5491 9012 5686 3539 4549 6521 5159 3848 1758 
21 1560 6815 1372 4467 4371 2438 9026 1850 7549 7839 6030 8697 5463 954 2496 6230 1764 4022 6005 1809 3559 
29 4435 7070 2738 3651 2748 7379 2937 7143 3905 2841 6880 3339 8544 3212 686 3413 2405 850 7155 7852 4524 6351 570 1107 6355 1336 3792 5443 7731 
13 3580 4679 4088 8111 8931 1083 1385 2001 7518 7390 5644 4474 2448 
8 9913 5554 993 2288 1125 5459 5296 4273 
21 6403 6884 7364 1250 3770 3429 2898 2025 4921 7296 1591 8745 8242 9967 414 5098 4144 6590 262 3827 6621 
25 7109 1054 382 7724 8562 7898 6866 5864 151 5385 6505 806 5157 7966 9762 1673 2617 1205 7089 2223 5095 2064 4189 8082 2172 
31 6031 8902 9159 5087 8164 8296 6179 3799 7940 4821 6378 683 5284 7402 2197 7099 9708 220 868 4755 7225 9343 644 6872 9956 4337 3945 7163 1961 8211 2410 
11 5445 7779 5409 2526 7506 7121 944 4077 9552 8838 7011 
10 1105 3200 2270 5526 6393 9226 1638 384 434 7206 
19 2883 2690 5756 8194 6871 1211 2095 2547 7474 5394 8134 255 2452 5640 9955 9943 8061 9740 7338 
14 3817 8055 4935 4048 1169 3436 6138 11 1027 1890 2252 5735 4741 2814 
19 9305 7346 5952 6488 6423 9460 8833 2947 1857 3873 5747 4754 9170 2420 4727 9041 1086 1301 3400 
16 4059 6304 9631 4657 5291 4930 189 4532 2557 3308 9826 5340 9462 9658 2887 669 
31 1138 6536 5511 6584 617 6247 7066 1364 5074 6114 6306 4893 9758 8031 5072 7195 1567 1885 5921 2678 9009 9802 1950 7667 2347 664 1437 7597 9301 3042 7042 
21 5324 368 1985 5470 103 6774 1597 6714 3242 4974 43 8201 7973 7378 5397 6766 8639 8866 488 4308 3347 
13 1867 9452 5990 6296 5212 8071 174 6267 5814 7214 5889 6294 4185 
31 4758 2942 6455 6922 3453 881 775 9234 9132 9133 2054 6930 9089 7493 8691 8193 6443 7823 9376 5537 8049 4000 9275 1533 2871 6860 4166 7247 6388 4949 4296 
19 311 4544 1431 1199 2959 1029 8437 1832 7718 4890 8250 2611 53 253 9471 8886 9756 4275 9520 
31 6381 5049 6567 633 7595 3839 1302 8664 9624 7749 4266 724 2599 9498 8264 9902 3437 5524 941 5980 8172 7910 1483 7559 1354 7606 4735 5545 9993 2609 8001 
17 2917 8440 210 5678 5069 7135 1246 6778 9253 8389 911 7977 9168 6051 9383 4962 8430 
19 6706 3989 3073 9549 9524 9751 9375 9263 9963 2035 1051 8182 6548 3992 928 5862 6829 5071 8226 
20 7957 3910 1500 7710 161 1023 3163 5906 8776 5898 1442 5797 1849 6616 3128 7035 5817 4220 7002 778 
29 769 8203 6125 2856 5656 1349 1745 3904 2275 2290 9031 2122 3498 947 2479 894 8811 7944 3813 7313 2524 4732 577 5832 2038 5331 5961 4604 685 
26 519 1803 4652 6641 2089 8345 2945 639 1702 8958 801 139 7725 8975 8443 9066 4956 9197 4542 8100 3898 2103 2298 2321 7424 1472 
21 5717 4208 8713 3381 459 9148 4614 600 973 3897 5149 4961 1732 9726 3944 4670 9931 6448 3140 4540 6665 
21 4071 6159 8915 1628 849 9949 2732 1768 2330 1429 7830 1584 484 4317 2500 7540 3727 2836 4445 9764 906 
32 606 9974 3779 3605 152 422 5043 7278 4497 9440 2680 509 5256 9368 7651 3241 9780 2204 1749 1358 5196 5022 3132 8634 1039 5927 9373 3162 8924 3492 5825 9311 
11 8708 4624 3108 4409 1079 46 2187 6172 6544 7753 8098 
11 3549 5006 1908 2497 7442 9118 1902 6274 8585 4796 1744 
31 7499 4885 2426 2118 8464 8995 2831 5457 674 8300 5031 6460 5465 5709 7967 8627 5154 8601 1116 155 7720 6086 347 6227 3822 2066 9760 460 4530 8948 7138 
13 1776 2973 6076 907 3624 1716 6515 5687 2446 2301 5322 9749 5758 
9 3307 7347 7315 8692 1471 4237 2563 6686 437 
17 8477 7553 5060 128 4228 7193 9037 7245 2126 5426 3685 5835 8801 1875 4856 1339 6731 
24 6663 4200 9385 856 141 691 8486 5824 808 5040 2373 2228 7587 7091 1310 5357 3142 9363 8971 2757 1632 4678 4325 635 
10 5235 3990 2718 5725 6072 1821 3835 421 5964 8722 
16 5300 8699 8346 2992 2997 2585 8151 5382 4163 1117 7843 9298 7004 3907 6583 2002 
18 9409 3104 8803 2570 6809 1331 7113 7453 9231 2282 6988 1401 4737 3192 7821 8943 4324 3870 
17 8950 7320 7792 9487 9769 7494 6216 8094 4045 2558 1297 8645 7764 1531 9328 2758 3131 
21 3167 4546 2335 5535 6475 611 529 3729 2636 3525 6079 8318 1957 9399 7688 6535 3886 6955 9876 9259 980 
10 563 4643 5004 8906 6442 985 1666 2085 8422 2683 
16 9679 3029 1640 3398 1319 6642 7976 2283 3823 3956 1440 9973 9443 7261 1427 3012 
30 768 3276 6004 2717 5241 777 2513 320 8383 366 887 5502 3152 8076 4036 905 2047 158 8678 3456 804 5871 5121 3633 3533 3080 9499 7215 5923 3620 
26 5860 9691 4080 6563 7535 6066 2667 9222 7794 1709 1317 6863 534 1806 6314 4222 2199 5893 192 7519 1795 5515 4813 763 2806 758 
6 8758 3816 254 9377 7124 8898 
12 8670 2104 9279 466 3175 3488 4570 4723 8232 2185 4446 4951 
10 6916 8209 7428 168 3022 1222 7840 7916 4027 9958 
30 9888 2006 3991 7085 4137 5628 6407 629 3434 7532 2065 215 3672 3595 1416 1277 7353 6823 682 420 5336 8196 564 5676 479 1552 7202 1425 455 9918 
26 6807 6208 4115 7732 6280 643 8245 6677 4282 4453 1967 2580 4547 6655 1933 9350 3955 3582 2466 3771 4216 1126 879 8080 7985 1439 
7 2316 166 245 601 9954 3689 9467 
18 2061 4387 8370 615 5495 9466 6359 5160 2407 7592 3782 5630 6223 6085 9150 7819 1000 1935 
28 5086 9495 1904 3051 2044 2260 3843 8051 350 8904 5801 304 4591 5259 8304 2793 8060 5966 7897 798 179 9750 2529 7416 3184 1473 6433 5293 
26 4058 8435 9286 1272 9064 9127 4344 2360 2966 2958 5176 6953 4073 9767 4947 5002 8010 3484 7419 1119 1268 7780 8769 9178 8913 9359 
29 4618 2899 2230 5120 8637 7434 9419 8112 9134 177 4384 8782 4247 4559 8511 5042 9351 9783 2109 6122 4919 8359 8513 3283 6224 1554 1258 2692 1018 
17 7929 8021 6669 3632 7662 7092 4356 352 8928 7392 7142 6447 3796 7179 2739 2873 773 
28 7561 7230 8040 7554 1977 4065 5994 2467 1271 6134 6181 9479 5734 9456 184 5456 5128 1678 6691 9076 5612 6792 5928 1149 6007 2606 3172 2677 
27 7401 1651 409 1491 7663 9737 1553 1725 2842 1179 716 3211 8746 6203 2737 3039 2740 6581 4979 4567 9212 8387 4152 3004 3598 9360 8374 
10 2384 6793 9932 2727 1153 5432 3868 9773 1115 5476 
25 4855 9401 5562 5298 112 7237 8621 3300 214 7292 7071 3353 4831 9730 3881 3943 743 784 2779 4983 8501 4157 3378 3500 7459 
15 273 7804 3469 4004 703 7721 2088 9034 6668 5454 3464 5337 9391 4180 218 
35 6831 9191 4196 7102 266 8187 1232 1886 8523 2406 9101 397 2043 2248 6345 3845 2125 6240 7132 594 4459 6264 3916 6667 8215 4448 5989 9414 8625 6099 1848 390 8572 108 3656 
20 9325 1090 8573 6069 656 8034 9138 3531 7501 6610 9250 5153 3504 2624 1158 9971 900 4424 9215 9831 
24 3444 9316 69 3915 3537 921 3930 137 3031 7866 9155 5005 4997 9727 1786 5739 6560 6091 5346 603 6417 4700 6348 7289 
15 5769 2523 839 1508 4007 3759 514 377 1045 8918 9994 1590 7972 4182 8433 
38 9140 945 9666 7373 4782 9538 1587 7534 1182 5861 5632 3305 6041 1532 9441 2769 3925 1071 3186 8108 5694 4190 4135 4454 3178 9732 5195 7201 5761 8417 5546 706 6936 2968 2114 7722 3571 5865 
14 4948 8932 4910 3739 5815 1480 2565 6681 8502 8547 5532 4138 4671 5334 
17 8703 6168 326 4376 241 7019 3326 7629 5021 4406 6211 5041 1842 7125 4874 5478 2120 
9 117 5089 4720 8088 8431 7705 9154 1602 3984 
22 7913 7034 9324 4085 3216 4851 1988 4351 261 4188 3756 7328 9594 471 2616 9903 8859 2488 3280 5224 4339 3928 
29 6695 3891 502 8856 8682 2741 2919 7387 1475 6882 6566 3231 5768 3610 3267 7021 6513 8841 5217 3917 6126 2155 3670 8561 6489 9555 4197 797 8008 
10 7040 3291 3181 4043 26 1753 242 3101 943 1895 
30 3855 3396 3199 6842 2600 8876 6784 6946 6491 8987 9644 3547 5391 4993 4715 3013 9653 9825 8944 2317 6214 3658 1390 7739 5248 6019 3238 7391 3107 1823 
9 3371 2736 2670 51 6701 3971 3734 371 5312 
36 8329 2975 1830 5477 6927 1346 1256 105 1455 9264 8857 8446 6987 5519 936 2614 678 3447 9185 4915 34 2485 7584 2003 5339 7893 340 2889 8356 1928 2870 869 176 5596 7834 2280 
11 9675 7325 6683 3206 7159 4504 9013 8797 7350 9277 8123 
18 6198 109 2401 1240 9464 3502 7209 4366 4274 2809 7573 897 8760 6619 7689 6406 492 7185 
20 9449 922 275 5210 592 1235 1976 8294 7960 2150 7815 5795 54 6899 3248 3745 8507 1952 5653 7702 
10 4307 6377 1855 5094 3423 2251 4968 3863 6242 4790 
26 375 5237 3512 4035 127 4034 5405 7187 7604 4853 3085 6921 1871 582 8935 6830 3551 2936 3076 5696 4572 4765 5355 3711 7241 1545 
32 1040 5858 3196 4112 3426 2132 381 2776 3117 64 2790 8827 9992 8109 5208 9508 3328 2501 2805 7192 877 7800 4082 7280 7992 3653 1798 4284 7290 1467 58 2329 
28 222 7846 7585 6420 6729 660 7282 2954 147 5001 2397 8843 862 9221 2151 5389 4217 4710 7016 5274 8068 8920 4762 3878 5448 3198 7482 1562 
9 1005 3579 2957 4482 9620 1496 5553 1626 8137 
28 9550 8795 1960 2938 5527 5794 5958 3141 1668 510 9718 8569 7699 4817 1183 4254 2028 6524 8712 5775 1575 2136 7676 8352 3369 9024 5294 6405 
22 3555 6851 5887 7690 8035 6196 7636 3364 9763 2844 8668 63 7233 858 5618 8206 4931 5788 9257 60 6635 5046 
11 1135 2901 6760 1607 5834 6217 9390 9454 6384 8138 7943 
10 3578 6454 8212 4092 72 5183 1053 2965 2177 8861 
6 5424 2536 6239 9927 9029 9711 
10 4894 4414 1734 5983 9934 5229 7589 971 5037 9910 
16 920 1192 2693 3523 3809 6918 8405 2795 3600 6817 2165 3275 5731 3762 7057 8884 
15 9799 5359 6192 9382 6764 6512 2076 5914 9701 2319 7990 9855 7228 5455 3679 
32 2559 9852 8786 3795 2982 4585 2385 3062 9027 4775 1417 2468 2621 7560 7552 2789 4165 1654 2708 8162 6661 1615 1971 6010 6992 1445 4288 4199 9439 8451 1118 443 
28 6541 5743 7631 6128 8681 6705 7191 8990 396 5064 4734 912 6165 8649 77 8107 4461 1853 9786 6564 1704 1691 5144 3882 2450 5536 7311 4277 
32 961 1530 1221 7323 7492 2207 4607 1168 9822 4677 5289 7164 8136 7610 2923 1411 1073 6540 3747 2215 7921 8914 604 110 1540 7181 4726 9200 9296 6715 3543 4177 
11 372 7451 9556 2904 2167 8110 8306 7024 2865 3626 6514 
26 7952 5654 8351 8823 3191 3583 102 5088 843 6197 9837 7614 9987 8650 800 453 9403 7177 9447 676 1707 5330 5015 8114 7863 5790 
9 3654 4314 5912 7473 8818 9606 148 4242 9829 
27 24 2436 5332 2745 7009 6326 3235 3299 6707 7974 7536 6938 2895 7695 6949 5938 1936 2182 9599 8144 49 7888 8260 107 8265 4909 3514 
32 2869 2357 209 6220 9557 572 8379 39 2640 462 1660 2885 4714 9623 8103 4832 4675 8767 776 4290 7743 694 6142 4025 7486 9235 2493 3217 8558 8230 3486 7376 
34 8962 4706 5487 1267 4405 3420 2799 3778 2160 9975 8243 6331 2110 4584 2206 6301 8027 4669 7807 4168 7505 8473 3074 3385 9108 6878 3548 4193 73 4556 1726 7953 1288 4040 
23 4637 5744 1588 7465 6634 8079 4593 969 9641 6426 8945 8244 6451 6462 8749 2960 771 974 7786 359 7728 4868 3931 
36 4150 7224 498 3783 169 6570 2386 8560 3373 3896 7271 4167 2370 4711 5582 8748 5981 2756 6137 1690 914 2186 2560 5136 7439 8900 6690 4169 4402 8053 8934 7938 7008 4918 4779 6087 
32 6115 4630 5712 9018 9033 9156 7169 599 4019 5268 5379 714 3625 4388 6617 6891 1964 964 1463 5349 8048 441 6709 3401 8805 2331 2050 362 7539 6015 6959 6492 
11 3988 7512 5698 3490 476 4660 702 1147 6461 6080 4332 
19 5885 5572 565 2338 475 7816 1189 1644 7829 1930 7381 6857 3154 6820 1761 1322 9348 5975 9777 
27 541 2074 596 9477 6026 5853 952 578 3099 118 5608 9790 7462 357 9072 2777 634 851 6720 5412 5752 2822 1662 3310 6993 1488 7393 
6 4143 7575 8953 3374 1763 7632 
29 6228 3947 5626 4020 3906 1845 2984 7456 7729 4819 4046 2534 8293 612 4378 695 1395 3635 5785 1042 1253 7832 6219 8704 9245 7258 3312 1998 8674 
19 622 9627 6645 4659 7425 7558 5809 4114 2037 5133 6452 1741 1075 5482 9080 3511 3521 9914 4509 
23 1833 4648 4686 3054 6346 2075 249 7691 5534 9513 6779 1337 2478 4335 2632 5258 3980 1171 815 9961 3246 5828 6018 
33 6961 6123 5393 481 950 3038 7010 8694 8263 6832 5356 9911 3210 7065 4440 7340 9470 1999 7354 6289 3000 335 2149 5152 5916 9615 4797 8714 7257 9048 4390 7950 9765 
34 29 6924 8157 417 8575 92 3958 1631 1862 4327 3901 4249 3507 6696 4562 4770 1154 5956 9748 9293 6525 9312 4771 7480 2202 9603 3941 6520 9243 2080 6358 8384 3836 828 
18 1664 3951 6741 6409 506 5352 3338 2661 1325 7014 4397 1197 8326 8605 7925 3871 9977 6060 
21 55 5205 5892 4957 1910 7162 8167 6698 8909 5792 6727 130 5329 4221 412 7796 1819 9270 4992 3709 4680 
27 9523 8277 2649 5783 1352 7777 178 6962 2525 7770 163 3846 7935 9114 9225 7599 4903 875 3379 8829 9621 1397 631 323 7348 1813 5896 
29 9216 9851 7975 2031 4658 2781 2852 9833 2314 6925 7894 4667 1774 3356 126 2684 7962 9086 3736 7541 8392 8084 4142 229 5657 5202 5753 2073 8490 
25 9283 5948 7677 9543 8146 3565 7628 6182 5830 3775 9539 74 3909 2875 8638 6562 3295 3182 5780 5203 9771 4364 1377 2926 8654 
12 4842 627 7314 9045 6058 4411 9754 7238 8846 3171 5067 5931 
20 2576 1630 3424 4717 9516 9366 4912 8813 5851 8927 829 6623 3301 3581 4151 7300 705 5926 2593 8622 
7 4346 9503 1223 9804 354 1880 3553 
12 1888 3849 9744 3921 7211 9199 4256 3867 9248 3230 3841 766 
25 734 8410 4953 1294 8176 1511 1721 5899 4302 2366 9778 9542 4620 6996 4621 6286 6847 6675 4333 3223 5286 5677 2801 3911 7522 
11 3149 1973 9761 3757 7809 9725 7833 8321 6096 5937 4127 
25 7119 7156 8739 3354 6413 2333 7847 4880 9564 8998 4498 8662 6253 2694 9843 7615 2213 8599 5419 6432 558 7126 8066 526 5578 
14 4214 1874 8259 1946 7220 6415 3699 3150 6552 8495 1486 7107 7760 6107 
22 7862 6430 7145 4916 9541 122 7260 9194 288 7063 8845 5490 8875 5736 5414 2188 8891 623 8089 7166 9940 2463 
28 157 4437 3068 5888 6398 8951 8118 2543 2884 9896 2164 5700 7267 9436 4330 8344 5908 2413 1965 7930 2820 2469 416 4972 5895 4126 5474 2243 
24 2986 2422 3786 780 5593 97 7339 1598 6684 624 3645 7507 1435 5233 4382 9269 42 9674 27 8002 9204 207 2811 6143 
32 297 9052 6200 5602 2635 2981 5193 5635 3372 7384 5992 6970 2344 8656 9862 9828 5793 4438 3590 9323 6568 7979 7264 5223 6867 4763 6725 1636 6573 3741 9387 2090 
34 1978 7020 8462 4207 7698 330 5690 7171 81 3258 524 5221 4449 987 2040 6680 5486 4121 6983 7790 3438 9835 2269 1730 8269 4760 7251 7869 8683 6250 9792 6093 7772 8119 
16 3103 8848 7768 4703 5503 1146 8721 3061 7447 8771 7023 5392 8781 8964 3705 4069 
22 5341 7355 886 3256 3748 8817 8673 8532 6763 3195 3244 7591 1596 2371 2549 8754 1103 389 7349 2594 3390 8939 
29 2912 5996 4826 7934 2731 645 4605 8652 2045 7103 3895 1790 8159 7490 8926 4394 1695 5512 1214 4023 7170 5207 648 783 4383 8371 7568 8424 994 
28 3281 3572 9636 4016 9492 6009 4798 1620 5995 7176 7542 4515 3404 8775 5061 1050 2062 9092 2398 8336 470 80 1548 7545 9893 5461 6614 9714 
21 5716 9985 6265 1627 100 7134 444 8809 4871 8033 8416 8830 3174 5122 1905 5420 693 8165 6947 2619 978 
31 957 697 7312 6141 832 2473 3215 7988 40 1891 959 8974 238 8270 9661 8729 3331 2494 2584 7674 334 5945 2484 3087 6354 1577 1506 5423 8046 2671 3288 
16 6724 8574 284 208 7479 1239 8116 5803 458 2412 2854 6651 1712 3890 8893 2221 
16 445 9011 7567 6575 5036 853 7643 1521 5099 1176 6391 2141 1810 1061 7581 6693 
21 3693 2233 8376 3362 6279 614 8067 1034 5548 1572 9616 8006 1265 7942 2222 7022 2363 1085 4061 7600 6158 
13 2020 6756 8448 6503 7685 7882 9645 3098 4195 4105 9379 9287 9069 
13 8395 2742 6711 5054 9171 1369 2675 2810 7081 6067 2346 8824 7449 
38 2008 2198 3585 6538 6652 2653 7856 3290 7555 3974 1104 7754 1464 2309 9983 2051 3847 6873 6602 2144 3359 1035 738 8248 2012 7571 5585 9437 7031 7517 2255 8633 4922 8802 5544 5439 6365 3264 
27 8406 1564 9105 9116 8615 9276 4636 3621 6800 8125 2078 7007 7217 6539 3844 525 2381 2295 6229 7607 7157 4600 1185 2629 1367 5198 5254 
25 5598 608 3717 8219 1634 7922 5375 5366 3532 1391 799 365 536 65 4472 5305 6824 4964 8284 6612 6859 7723 2685 8402 6828 
19 3030 1002 9209 319 680 4582 2978 2308 9318 6791 9509 3834 2083 1379 9648 8877 5413 1576 5390 
13 3471 5466 3603 2036 8546 2343 3127 4204 2633 4198 1956 8744 1204 
24 7141 2511 1313 854 7668 9262 9570 7274 9482 402 7712 9300 1424 8105 1394 6444 9480 2099 5363 3995 5942 5362 535 9938 
17 8102 2539 3842 4171 5724 3345 4477 6268 2246 8064 4235 2268 1296 1727 1974 5968 1419 
30 8840 6493 3129 989 3036 7785 4017 369 2969 7564 1292 3854 9968 8661 3115 9798 547 3391 8200 4579 625 7358 4672 3020 4508 2307 2133 2007 4606 2618 
11 585 8302 3208 3202 5411 5272 3322 5749 4811 9120 2138 
27 268 41 6316 8085 7208 8742 2320 8220 6121 8820 1979 7920 4248 3894 4692 3201 2231 9091 4694 2389 2499 2974 7105 4926 9898 7044 2669 
17 4495 4815 4629 7759 379 3986 2086 3722 7262 5464 4988 8576 7101 9183 4963 5979 6194 
23 1353 5369 1260 2639 8236 2771 9364 3315 6659 9849 6104 4219 1320 7394 7626 7298 3045 2358 8360 7153 2785 5513 6702 
30 5406 5721 655 7232 1762 9889 2377 294 6582 9881 2607 2 5692 4625 8004 9583 742 6928 8936 2158 1249 7514 9745 4095 1481 3287 2145 6148 9014 1642 
36 8342 7993 3575 5214 6718 57 507 4139 8037 8378 9655 8869 121 7872 9694 2931 4768 613 9894 4978 7653 1622 972 9664 7652 6328 5826 571 3407 960 4676 2490 4808 2764 4203 3860 
24 5649 4493 6751 3173 235 4543 3222 9163 9554 6733 3455 8512 4571 521 6145 4837 7765 4229 8235 2503 712 4134 9850 5891 
26 7640 6877 965 9353 3433 9177 2292 4989 8373 7488 852 5092 37 9355 8881 6469 6429 5498 5468 5277 2575 4991 3899 6032 5047 9569 
24 1528 864 8198 8991 5539 9410 9062 7457 8028 6905 2713 7178 9706 1525 1519 3161 6077 4361 1044 5787 6631 349 4759 1290 
8 583 1995 7196 8806 1872 4892 8253 4373 
29 2941 8548 47 4973 9068 2924 711 516 2910 7949 2042 7750 4906 5216 4535 8432 7076 4100 3805 3412 2097 2127 9398 2647 764 6889 9336 4683 7146 
23 8204 8425 4223 8382 977 9135 4541 6893 930 6657 2702 9553 3874 8097 4340 8291 7904 6874 4259 9978 6205 7061 5065 
20 3025 902 4863 2442 4854 9273 7642 3439 6098 7048 6238 6325 2487 1076 4859 6302 5209 383 5616 3134 
31 1735 5818 3188 4830 5650 8761 2368 6737 4347 8686 4638 3731 8444 2829 7755 7077 991 7510 1072 9431 4936 8966 6254 1274 3243 1161 1144 8707 3041 8397 707 
30 5304 7104 9559 5732 9871 5453 2930 2173 6579 138 30 1934 2082 2835 3135 4272 3139 2340 7782 3700 4122 5993 1829 9551 8180 7776 6065 2550 4886 1892 
16 4829 8737 6609 2990 6846 8199 2237 9933 7160 6510 3662 1007 6310 1157 4215 2709 
8 741 9087 9030 9251 5903 1145 7281 398 
35 5381 2641 1593 4164 2518 2787 5837 9195 3793 8493 649 6344 4147 7415 9789 3425 5201 5155 8268 2762 1714 1629 125 5639 745 2672 226 7027 5842 4864 2976 1658 2326 9123 6595 
23 9979 7082 8254 2216 1580 5012 1529 4014 2567 5106 7675 2763 291 6841 7919 4783 3226 8777 9891 6291 2908 5551 587 
22 8559 873 7682 194 9779 7288 6785 5625 7853 4565 8680 4631 8050 6869 3144 3517 4465 9058 5846 1599 9650 1230 
12 6321 280 6500 1333 6022 1694 4401 1801 1938 1514 3858 9545 
24 3743 4260 4170 5920 6966 4986 6639 7309 2556 9346 4698 4740 4201 7851 5418 8012 7827 5974 79 2094 5051 8090 6273 2300 
25 9581 9685 4421 9757 1963 376 3636 6896 2394 252 9151 8266 4924 7167 4802 2645 3443 5472 9816 1286 7735 1026 1351 6960 6700 
32 1269 7687 7927 2399 984 5267 767 7837 5879 3851 3710 7900 1907 9333 2765 9213 1266 5320 5479 227 1780 4719 6371 3695 9099 5467 5264 4458 9567 6685 2698 431 
13 6039 4205 1980 6728 9043 6083 9863 8281 154 2027 4514 5742 2196 
23 8520 5746 9830 5711 3789 8938 9272 550 9219 3501 6743 7879 6629 1342 3568 8258 5796 5607 4573 1131 5762 2746 7432 
21 3457 8792 4299 951 9182 5050 4099 7633 2453 3394 7075 6061 8455 2014 182 5127 3872 2914 5718 579 4883 
15 8728 2626 3544 3114 1046 6744 2359 1187 5987 5643 4178 3094 6592 2435 1114 
9 4687 4502 3680 6078 826 106 4828 5441 7961 
28 3564 4194 3462 6550 9712 2696 3122 6593 5967 7221 5907 9584 9420 8063 2808 7650 129 5728 3395 3920 8528 9531 4239 1927 7660 1837 9129 5434 
18 580 1010 7097 3270 9842 1081 5100 1110 1257 485 6674 1787 9659 8624 6622 6816 4469 4431 
23 6649 8020 892 6360 9743 6825 6967 5014 8798 1831 793 688 2153 149 449 1094 5383 2980 8709 4015 8409 5354 3207 
13 61 2512 9965 9815 9512 6886 3949 3952 7812 9729 1603 1844 132 
31 4788 5856 9890 7572 1102 9923 8101 2415 4969 7197 3862 2796 2272 9998 7502 692 9110 2205 4075 4032 7461 3935 8946 3419 8340 1881 8386 7603 1619 845 6644 
34 5161 1635 5090 5663 3112 3169 4415 9496 1166 1539 8963 1756 5786 8616 7046 1551 8325 6176 6556 9877 4597 309 2334 7240 6497 5053 532 3716 4416 7079 3787 188 0 8959 
19 6456 8566 3821 2112 8772 823 6270 5238 4006 2024 8972 6759 4240 7845 4757 5613 9759 3612 2032 
7 8179 5034 5748 2573 3828 5973 7356 
18 6952 7546 3193 5619 5733 5168 1770 2911 7168 7336 9173 8985 269 9339 2879 4315 762 3975 
7 7877 3608 1817 3913 2993 7219 6917 
14 7799 5808 9463 6307 4404 8791 378 7684 2561 8013 9119 3804 9174 9530 
7 489 2915 7255 9002 5601 5982 6124 
37 9207 7704 6068 4349 2305 4613 6969 7276 1509 4398 2107 3157 4209 857 202 5247 8307 1328 5262 9397 5730 243 6945 4468 7969 2615 3431 6278 1242 1366 4375 2888 7374 3014 3665 392 5265 
19 8184 7438 7763 3948 7707 2956 2721 1538 6249 1124 1894 4598 1858 6976 4766 8423 4908 3797 3965 
15 8420 2784 5307 1106 9952 6476 2072 5564 8952 8148 8826 2863 2345 4941 3627 
35 8675 3329 5295 4705 6034 5287 9165 2602 9028 2048 4104 8911 2595 7734 186 1444 7797 4619 8954 6055 7012 6347 1375 8907 9211 7767 7892 3179 8467 7074 9600 562 1095 7496 8519 
14 6424 739 6199 2791 4661 6029 4520 4496 1743 5271 3387 8427 5059 1570 
22 5245 5615 4233 199 9579 1355 1101 286 5941 1692 9143 2383 3959 689 4682 4518 732 5810 9193 116 4736 9703 
14 6160 2026 6255 3614 6218 5925 5019 9435 4517 9488 3820 4975 3019 4793 
6 7468 8218 9622 4823 2337 3480 
29 1866 4959 4635 3263 8133 7579 5124 3785 584 5782 1188 2601 5658 8470 515 9237 28 9416 1606 983 3332 287 393 312 522 8908 8195 5147 2238 
19 3692 499 7912 3967 754 1499 5704 6262 3351 8299 7582 3330 1789 8757 6092 5178 2625 6323 6441 
19 8578 6213 7368 6038 2850 6459 276 1291 6813 7371 3001 5118 2101 468 8723 6606 9787 8278 321 
12 9121 2766 4116 4943 4298 5773 6153 7577 7951 9214 1962 8770 
31 1993 200 6473 6856 7152 85 3669 4623 1338 2630 7305 6292 8400 283 9848 2087 3234 2462 8496 2226 4640 2723 860 7054 4551 9568 8411 3028 1633 4286 9025 
25 3239 6457 3160 2642 8434 211 1474 7216 1779 7715 1016 5901 736 2546 9643 7914 5000 5568 4026 609 4500 7332 9794 4303 4531 
6 9901 3384 6879 6333 2939 8666 
30 7911 7891 6164 782 6601 4021 5169 3227 6850 281 7594 2933 6926 17 3763 5552 3630 2004 8221 8753 3018 8623 9122 4030 8537 143 6761 5683 1641 1015 
11 9411 9459 6722 7980 1280 5894 3819 667 5077 5604 3688 
12 1563 753 1639 6140 5380 8960 153 8169 8524 5969 9535 3611 
9 4882 3865 4673 4558 9042 2660 4632 302 8332 
9 5902 1100 825 306 518 9432 3349 690 6840 
35 7229 3773 9485 4602 2077 1733 6989 5579 9604 949 6416 3314 3673 21 8598 3221 405 512 8115 201 213 195 6490 735 4960 5570 8570 4271 9875 6401 204 251 6118 3712 5714 
29 4066 7398 3601 6245 1 9537 5082 4792 9388 3751 1420 2955 6940 3508 6697 3503 5590 1621 5288 9047 3153 2369 1127 5410 9986 8790 2905 831 7818 
17 6965 6003 172 9341 9546 3205 6237 5451 7366 2234 538 7842 1130 2325 8669 7025 7307 
25 610 6786 3411 7190 4024 3435 2797 454 193 3278 196 9085 7090 8166 4950 8442 8525 4187 1851 3060 9883 5078 781 5281 8925 
29 7318 9768 8832 3105 6340 908 4895 1448 4055 6363 1767 9880 3266 8822 6801 5007 205 2858 2701 8315 7426 5290 5048 5024 1680 2502 3522 4695 1805 
23 2429 7210 150 8521 1949 9681 66 7811 4331 9284 7515 1193 1393 6808 1428 8571 5789 5831 3644 3343 317 7565 2862 
15 6633 5425 8285 5240 3879 9981 8303 589 140 1788 3002 5407 2730 2786 7899 
27 2278 6752 4154 7337 5107 5642 9392 3784 9948 821 8058 9566 7971 2989 8160 9229 4358 1037 7605 7623 1526 8880 4010 4753 9484 8091 6559 
38 2774 3311 442 2783 6526 4990 8860 4270 8018 4433 7361 1679 6864 8807 7630 67 6234 8074 6773 5052 6006 1382 4076 1068 814 2162 3383 6144 1574 8677 6419 5609 9840 7696 7052 1064 8641 5592 
15 9020 5112 6804 4920 8868 1601 8955 2654 3970 9044 8755 5270 1975 5573 4305 
8 2418 5306 3350 1173 7051 1278 2411 1088 
31 9291 8158 9920 1527 267 8609 494 7275 1198 9230 7566 9444 6982 7781 433 1982 456 1371 5705 6628 5936 1238 1270 5776 7955 6770 6390 913 2100 7719 6721 
12 9626 2788 5480 1461 3769 7625 1244 7144 8295 7617 6991 2516 
11 9187 3596 8104 6951 2537 7444 3476 50 2545 8596 9461 
20 8509 1697 5757 8989 9497 8273 6956 2240 5679 979 1561 586 6974 733 5558 1262 2365 8478 4118 4557 
17 4586 3170 6206 9349 1282 1953 859 6130 4512 2522 7400 503 3485 2481 1808 1751 5449 
5 4644 8421 1981 7909 2553 
28 2327 4848 6012 6119 8529 9394 1846 5008 2192 7654 1389 1656 8551 216 7570 3011 3808 3973 999 3397 855 6320 496 1713 6723 9953 3252 8311 
20 4098 5954 4807 1111 7382 6048 8665 9684 5279 7761 4776 6248 3466 6120 6605 8916 6730 8590 5226 2096 
7 7227 2439 1594 1403 5977 2794 7881 
14 6694 1852 2455 4064 3885 1175 5371 4539 9699 3684 8461 1616 2569 5886 
28 219 3138 9282 7870 982 9576 6805 3203 7234 5933 3271 9141 4533 8976 8177 9136 6861 7100 7189 6600 8347 1347 642 307 1495 5044 56 1087 
8 2176 9160 1091 7053 7485 1903 7784 5988 
27 1815 2293 1177 935 2916 5344 5962 2121 9950 6915 5959 7998 2375 9302 4106 5104 5715 7094 3968 9400 8170 6545 605 3306 6330 1490 1190 
32 3008 8262 5890 2605 9562 8155 1324 6589 2220 8038 7334 7857 2229 8741 4777 1781 5919 3352 7855 5165 1623 5 1413 3440 3324 6011 2521 6045 8607 5647 1341 5230 
23 5222 6053 1518 4940 3477 1311 1700 8800 872 5444 1501 6154 8117 7736 6095 5781 4287 3015 8441 31 1195 1306 8319 
22 8271 661 718 1201 2033 9972 4724 4227 3981 6932 4939 2874 8334 2139 4430 4902 528 3577 7408 75 3558 4483 
20 9670 4352 6762 7341 4718 5314 2837 9278 9571 467 3237 3389 2555 1155 4381 3884 5197 1987 68 8994 
33 2944 8588 146 3057 772 403 6374 6587 6094 5076 816 83 7672 5191 1058 2749 8361 8863 5738 1611 2868 6935 7970 3831 6599 573 7826 2970 6285 296 1084 6533 1652 
32 6361 1489 5777 1723 3807 5428 7477 3393 5910 2315 463 4263 9378 4044 5249 356 3962 2414 3682 7377 5905 2517 6557 3642 673 7774 2637 955 7476 4476 8106 6 
5 3321 5569 3023 750 1546 
9 3647 1008 6382 7838 6687 548 721 1216 5148 
24 8564 6410 1994 1685 3701 9381 425 9844 2977 8072 8150 2909 5880 3416 5032 3473 260 9079 6509 7932 331 1498 9501 4818 
11 7716 7609 2454 3109 8751 9008 8515 1128 9451 5395 7714 
9 113 8426 9805 8554 6742 3615 9527 2591 7330 
28 6913 5829 4396 6101 5695 9232 8996 2972 9322 8017 4060 6047 2994 2461 5396 8471 2263 9386 1329 9344 5772 4548 8124 3978 5806 131 5311 2492 
10 6607 9864 1399 7525 9088 8132 3914 8251 2224 4133 
18 3168 3334 2382 2178 7901 1613 4300 7679 9073 9607 4523 7497 2894 6037 2475 5884 9404 7621 
19 2313 1024 9320 419 483 895 6814 1263 7263 8595 990 3165 1943 6904 8603 1203 4329 6753 3702 
33 1724 5500 3557 4003 8796 3802 7096 9561 8485 8500 6910 9106 7389 8450 1681 2218 3145 1882 2447 3926 787 9989 2183 9342 264 7895 8255 5673 5935 2689 1663 2880 6073 
23 5402 513 9696 3840 6438 6244 2480 2115 7569 2374 5211 1922 7646 4427 9308 2987 8716 9294 3604 9184 7611 7814 6518 
35 6900 7129 6327 8614 9832 8190 8617 4491 52 8026 9000 6036 7647 1396 4840 4212 9709 2532 8997 4626 5852 500 5850 8286 1321 8394 5177 3934 2372 8364 2815 4691 6246 6241 2203 
30 2507 2657 8816 6498 4450 2355 4884 3421 3584 1368 9299 133 618 7326 2017 8565 9957 6990 6532 3344 5109 8041 5873 1426 8238 9427 7310 8717 9004 7123 
21 5343 7357 5282 7884 5422 1494 1459 3155 6746 3859 4824 4654 3285 4701 6231 6578 2142 2991 9233 7362 2725 
20 3667 9806 9254 3972 3325 8504 9242 2706 4588 6312 4946 3151 6395 5588 3268 1380 4545 792 12 4057 
21 554 8459 874 428 1550 8093 4704 348 2578 1523 8968 7538 5275 5740 1877 9580 7481 4769 438 3229 2408 
26 7088 8835 2663 1181 867 4907 9074 355 5134 4499 8646 6146 3536 4368 2299 7137 1941 1906 5164 3713 6646 2258 4751 1893 4901 5408 
23 8587 8447 6021 9202 9035 5045 244 967 3829 6161 8401 9167 5317 256 5778 7285 6483 1164 6225 4155 2489 2620 1677 
23 6418 726 8274 3083 2060 233 3044 4985 684 4521 7848 1769 6180 5483 3320 5542 6284 504 8276 2830 9747 432 566 
11 9698 4184 9926 290 5158 1365 9475 5838 3524 2053 8584 
20 8698 8979 5507 497 7464 9810 5681 6827 2655 3497 3954 3100 2704 6193 7744 2098 5460 5485 4778 790 
19 6780 2143 2780 4285 3026 1215 9836 5009 3499 1069 9823 5250 9056 8540 2535 4809 2768 2528 926 
6 6767 8328 4733 5303 4887 1165 
27 6044 6747 2147 9586 1460 6024 4503 374 9478 1330 2179 6883 4772 9407 9083 5167 4442 4218 1719 9055 9258 1659 3837 4261 4054 2152 3749 
16 4056 315 6202 3566 8042 6222 8981 1264 8553 9295 1549 7681 1202 6717 6676 2773 
11 2531 4575 1655 9511 6305 6480 6251 4552 1376 3376 9834 
17 3410 1121 7446 1797 8353 1152 4400 5400 4858 5514 1504 8491 3474 2729 3316 9824 3302 
22 5881 457 4666 7994 7239 9912 8339 2417 4651 2715 282 5600 581 22 4730 5763 4745 4674 160 2860 7304 820 
33 1879 2711 8784 6474 992 3124 2527 5951 3247 508 2622 5278 9879 7529 5384 6226 6798 3010 2433 8362 3214 25 3158 9991 6295 8472 6890 9067 4399 9909 8701 794 9097 
22 8086 4511 7117 6836 2056 3740 6023 5913 4965 7873 1896 7122 361 8388 3303 6084 8619 3950 2210 5661 6434 7586 
19 8189 271 7086 5816 9314 8191 5713 659 8505 1433 4301 5326 7218 2886 1043 2554 4140 7235 1923 
9 2828 9137 1030 5699 1792 4656 9180 7110 3448 
21 1794 3067 5771 511 2927 4913 546 7207 8533 6848 395 8428 7483 7791 4942 257 5080 6666 8469 7655 807 
23 7849 9274 8338 8348 4403 8780 7516 9303 7926 7383 386 2350 654 6555 9059 5365 5940 411 1225 4269 9690 2287 234 
9 394 2838 8323 364 4074 6812 7997 7295 9803 
31 6269 6155 975 2261 9179 1676 6865 2057 9908 1771 2504 3573 3392 4845 8127 1450 4982 2294 8887 4191 9588 5126 3063 3040 9309 1356 8503 2253 8613 3185 6603 
10 6843 9306 9874 1777 2181 3760 4232 9999 6368 6364 
24 5027 7180 1674 7430 6903 5351 2551 4485 380 7344 7466 1458 544 7508 1791 5708 7806 5039 5583 4747 2506 836 9548 7433 
20 7709 720 9071 2464 6719 4756 9019 4279 5930 1056 1737 7828 7526 2194 7484 7427 8174 4729 3838 3892 
20 7188 8073 7876 3047 2900 8555 3530 1912 9001 3556 9785 2935 1283 8475 278 7635 7886 6376 6090 9340 
18 1332 1955 5347 1430 657 3798 3694 2907 9800 5664 9358 5872 8415 7454 6175 7128 9040 1344 
38 4475 2520 3403 1843 1503 2245 9065 4764 6336 9897 3418 3648 8413 8864 4211 9157 2034 5353 6495 2861 5597 7939 9682 5068 8810 2728 9522 2826 9529 6732 4108 8685 5162 7039 6373 9775 5150 5058 
26 7064 4255 1986 5668 5917 751 3482 6630 1309 1096 9240 7363 1217 5475 9739 333 9683 9448 8732 2666 8756 5897 5669 5688 13 7069 
25 8213 2928 7666 1386 3542 1647 7692 2434 7043 5576 6902 8644 3754 1799 4773 1924 698 2332 3593 4093 6604 322 6854 7015 2853 
19 6912 313 819 2021 889 1649 7352 9162 9218 5175 6511 988 2747 7283 7964 4996 6782 2457 8463 
9 8787 7248 802 8192 4087 4176 7291 8047 7489 
15 3697 4084 3475 2140 2304 9186 8705 2267 6303 5594 7478 9203 8468 3529 1093 
34 4536 400 4109 7867 8766 2250 4318 9710 9481 9070 7697 230 2893 2063 3077 5083 9142 279 2189 7978 3446 9899 5257 4501 8522 7396 5190 5493 246 3576 8282 7996 86 3903 
30 6656 3430 4225 9634 1667 8188 4063 7746 4699 8851 1947 9687 8481 4038 1308 2437 4464 940 185 3059 7771 6768 9206 2962 4967 9007 3265 2211 8897 1718 
25 1227 9996 8629 9628 8653 7253 7730 4664 4888 1859 4857 865 4550 5373 4002 6908 3027 7286 3919 9946 5950 3337 8399 923 1312 
27 7293 8449 4833 9633 8419 8368 559 5866 1453 1864 3146 342 6571 6712 9533 6318 5506 4900 5319 6781 8611 9590 7359 314 5659 9637 8363 
11 2324 8774 7637 3938 3936 3767 5325 9814 2628 6788 7968 
32 5971 206 9297 9613 607 4123 3746 3675 1259 9741 1568 4566 9006 670 3293 6281 5309 3939 7405 8252 5035 2091 4341 5378 915 8626 6482 756 8152 8249 316 1865 
29 6662 3017 6749 8530 4595 709 6163 6999 4068 5372 6963 7149 561 740 4067 3613 6014 3777 198 7752 5215 6937 5509 7639 9217 4580 6349 3111 2540 
25 1447 1959 2825 942 8804 4355 9964 934 76 1541 3924 4486 5767 1870 4407 5561 223 6431 2646 7590 3587 1919 7030 5774 4417 
16 3333 2106 9944 4291 8367 4070 1876 8828 9788 2459 3164 4923 9032 1462 925 3367 
25 1194 1860 4875 640 4141 1884 871 1942 3465 4117 6596 4787 5188 4343 8460 5171 7351 9489 1373 6611 2650 3240 8982 5760 805 
22 2296 1689 1869 3833 1873 2651 1913 4862 6082 7769 9639 2612 15 7987 2722 3999 5180 6167 6105 4420 5315 1699 
34 9733 8978 4246 5566 3319 6648 2979 1098 3657 8229 7407 5670 5523 9671 6522 4789 3399 2148 5877 2876 8436 2336 3365 6787 8305 3183 1156 7495 8762 6477 4795 5978 1327 1456 
15 6529 9813 7236 2212 4426 7854 9582 6553 270 9715 5634 755 3388 8070 8612 
12 1883 1363 2440 665 6357 2613 3513 7118 2866 8961 2951 6853 
16 7455 9255 1997 2235 3721 4709 7513 4031 8239 3496 6157 9784 2851 7265 5985 3254 
24 7711 8207 4250 2999 4372 3194 6484 8272 8257 8407 4594 4564 7414 3561 5909 4009 1516 7106 4578 3707 7032 9966 9959 9693 
19 8965 7037 8567 963 1011 3452 4252 3634 8839 44 5800 1600 4041 5011 9061 3987 4649 2312 5376 
7 6794 5710 135 9483 3007 641 3637 
16 9820 530 9640 6984 8671 2209 6013 1937 7080 1392 6821 2154 5651 6187 6517 5446 
32 3049 1524 439 3594 6638 8785 8695 7068 4879 4159 5878 9038 4685 6375 6184 1720 3856 6776 7820 4681 1477 5186 7945 1661 8658 8333 1374 7083 8636 1191 729 840 
4 3708 4749 1555 6028 
22 7140 9845 6186 9164 9100 1565 9809 5770 929 4111 3463 9722 9337 5350 8141 4925 3296 3357 1825 8923 9198 7751 
10 8227 1840 5560 2353 6933 5435 401 3224 4393 4281 
29 3655 4794 3050 2934 4101 8882 2362 8214 4653 7727 4784 4072 6806 6810 6692 3078 1670 6174 9597 1696 2733 6215 5595 6256 3998 236 7836 3298 5854 
26 7186 9246 7372 7557 9735 9190 3493 4555 91 4617 542 1820 833 387 5302 3750 3121 5073 866 7062 5313 6396 9547 8129 9868 9854 
26 4877 5875 1218 9705 4028 2000 3818 8412 9288 5998 6103 576 4125 1814 3072 7521 8381 5589 4053 7835 3309 746 7983 7184 3417 4641 
18 3546 9602 7574 7737 7787 2352 671 3102 5374 3609 7370 8023 9433 6591 9389 8684 5003 7409 
9 3245 3148 1142 9252 6757 5166 3660 3560 2322 
20 2589 6849 3461 3830 448 6392 761 6261 1968 3646 3735 4800 5105 1470 7918 5559 7147 8812 9668 1579 
19 7810 8892 5957 4869 6173 8403 4326 5116 7984 5219 1067 2903 4812 4363 1060 5581 770 1137 590 
18 8029 1276 6425 4297 7246 6089 553 9054 2760 2241 6463 7345 9808 7343 4697 9507 5874 1931 
19 9046 4980 6352 7883 9610 3468 2673 876 23 6862 478 1049 1648 9468 885 4005 1507 8581 7001 
25 19 1984 7406 8536 6771 2180 6618 9424 3691 6106 9724 3761 3963 6678 1624 6414 1604 8335 2102 9017 6400 6660 9455 2265 1966 
24 6654 3541 9947 7277 7686 5263 4786 2011 1595 9228 6319 2804 8764 3661 3877 8750 171 997 8283 6543 9665 9853 888 8730 
17 6189 9869 3445 3414 6380 7941 461 4944 4236 2184 3225 2256 452 1645 7154 7649 1207 
31 1414 1804 3375 5662 8030 4958 1415 4971 1476 5123 2568 285 5301 5804 1383 90 2364 6387 1782 4529 7302 1400 4492 2855 8454 5269 6950 2843 6981 1573 1055 
19 8783 4665 3966 3119 552 5557 3623 8631 7805 3946 9526 3505 310 2834 9145 2318 7509 9960 2376 
29 3527 248 95 98 1863 1281 8970 5452 2648 8895 9667 8793 3902 8197 2943 1535 8526 4102 162 8052 4425 5703 1484 4422 9942 7055 6300 5883 8453 
17 6502 3092 1186 2754 7448 6672 3622 8687 4113 8288 4689 1012 924 6116 6397 1140 6551 
16 9166 277 533 7683 1684 1557 2751 1612 4419 4513 446 5531 9465 1285 4563 240 
37 2603 5540 5182 2686 9617 5622 5603 5310 2867 7498 9268 1944 5462 8743 3079 7006 7148 3292 4487 1914 5529 5102 4265 1901 9423 9021 752 6626 7029 165 5030 7954 2361 6177 1497 7524 2839 
29 4873 5377 2896 8128 3232 2404 1412 9612 9632 2174 6379 4561 9734 5026 4688 274 4251 4881 1740 1167 2687 5840 336 1708 4183 9921 480 5812 2998 
9 6139 3510 2425 5156 5091 1926 6470 8726 7789 
19 8489 2782 7874 9345 8173 646 7762 4213 9408 1785 9384 5084 6233 8497 7487 6895 2767 7906 3781 
18 5227 9078 9680 9795 4029 8937 5660 6062 4838 9205 45 5820 5946 6049 995 8837 1077 8429 
32 1838 4455 482 9104 1729 2041 3663 5584 159 115 7503 5070 6868 3340 731 7331 5729 1889 6636 7056 4738 3996 3048 2902 4510 4230 2170 4841 7742 5361 6258 8865 
24 8149 8715 5636 5621 7174 2409 9429 6422 9962 9249 9113 124 4612 7470 9415 6964 9124 7981 7593 8139 3415 5599 8648 4490 
16 8630 5285 9109 5234 986 225 2857 1443 4278 5033 2906 4244 7817 1348 1159 2778 
26 567 1970 3666 5751 2119 4966 6597 4089 1004 8237 9319 4722 4470 3070 1921 9593 5016 1314 2068 1136 5805 8317 1925 4576 4321 9753 
33 696 5189 5955 9457 5135 708 896 3451 5844 4441 2395 8610 6909 6769 6713 9919 6171 4746 9239 6790 8015 5963 9422 9865 2010 3927 5115 2750 2929 1478 4633 5563 1939 
12 477 1778 5701 8688 6920 2859 3494 6436 6486 1854 180 7959 
31 7435 3866 7172 9450 5187 7548 9647 2652 2128 3261 8506 5684 9370 2264 3075 3454 5556 6772 7588 4280 4395 551 1174 5707 3864 7878 8696 9781 2610 5798 7335 
13 5218 2566 9575 3116 415 292 1738 2388 4767 7793 3509 3341 6506 
17 1228 9412 212 35 5779 3190 9846 5437 175 3133 1220 9082 8815 9192 4012 8563 1408 
21 666 7284 4639 10 3550 5023 9716 1818 9704 9688 7706 2403 2699 681 8349 5549 630 2491 4977 2697 7112 
28 6485 5510 1200 9657 8768 4645 4119 4696 883 7924 2281 8534 4264 6339 4878 7798 7871 3628 6906 2378 7299 6464 4650 5110 6499 3703 9614 910 
29 1407 5025 3554 4914 3082 8597 1062 5550 7078 9859 7726 8550 1911 9321 9022 8872 2129 1229 7875 5645 8045 1361 5648 7670 4081 6852 6050 1080 3861 
