28 2822 7760 5756 108 1398 304 682 9571 3192 1219 5514 4019 6585 9068 5093 1517 3213 3820 1910 3255 6346 7254 7301 809 4984 8953 1533 6055 
29 2921 8440 5206 9224 3992 408 3205 4452 5969 1317 7209 5701 5611 1188 7012 4072 9066 7585 1624 1649 9541 5992 5184 7342 1958 8195 578 2386 7492 
28 7136 7030 8592 1675 6237 4983 1689 7768 1767 4483 9562 521 8824 9769 9902 3674 9264 9046 7225 3751 4528 4484 3995 2559 2308 5859 2530 4915 
30 3117 6956 8523 544 850 1178 605 7719 1440 1253 4736 7942 2986 8591 3199 6156 7124 645 5393 9920 3342 1528 2579 7480 2065 7788 617 9094 2952 582 
28 835 7704 4808 7230 3050 1042 8737 7592 6740 5366 9087 2610 9250 7919 8422 6119 7437 4654 9758 3282 1987 3070 942 737 6532 2902 4897 5644 
28 7833 4057 7331 9735 5713 5883 6299 8423 1310 5659 5036 8335 8666 7346 751 5737 2727 2070 3822 2515 9775 9691 6209 3800 8409 2268 4254 7911 
28 8450 5041 6778 5668 4018 1373 185 5760 9885 9363 8878 5803 7308 580 3963 494 756 5733 6555 8612 8359 8739 8203 9805 65 8574 5562 4644 
30 2603 7132 1062 7014 2963 4716 7286 3272 7356 9289 5070 5951 7076 6178 5993 5067 6451 4232 1195 4056 9401 8473 7137 1232 826 4061 8164 1615 5365 6164 
29 2139 1846 5903 7219 4926 2768 5682 2242 5862 7661 4431 5480 3147 4423 8675 5971 7622 538 9676 8098 4253 269 963 1479 6916 2501 8744 362 1635 
27 9670 23 1491 1051 8063 8462 7872 7981 2689 7503 3507 5766 1261 3063 3102 2653 1578 6505 9269 7904 3165 2434 2104 2523 3074 7533 7234 
30 1959 3198 182 2715 4400 2358 5499 1917 3465 2989 1837 9575 5442 71 3269 245 6698 2419 6249 2662 7825 921 9449 2437 8555 7463 3197 1672 8631 960 
29 1785 773 1339 4239 1250 2701 4795 9648 2961 6329 3330 301 3435 6665 5606 6462 1047 5631 6853 9532 7627 4849 2162 6317 4020 3406 2915 7422 8465 
27 2635 3171 9568 6756 7603 8257 6057 4874 4577 5603 7387 8665 2576 7953 3616 4610 8313 6789 6984 4041 543 9620 3946 1115 8011 3106 5320 
28 6933 8085 7708 5529 4006 6113 908 5228 8292 2832 615 1228 6510 3893 947 6629 2111 3790 6232 4464 7565 4075 1857 9069 1119 6074 2968 6511 
28 5260 5801 5973 4214 3295 6421 4302 7777 3195 8004 790 1557 5828 8446 5220 4280 8401 5389 370 5099 6913 8474 7977 4631 196 5092 8151 202 
28 493 9960 3833 1036 6790 171 1674 2908 1836 1304 4292 452 1172 1490 8814 9390 9794 4555 755 6736 6373 2240 3712 3219 5882 7804 950 7775 
28 333 8504 3051 4217 9190 7180 2295 9272 1354 5012 5509 7525 510 1847 2939 2326 9297 8702 5655 6270 4234 520 8985 9924 4702 3962 8945 2582 
29 2098 5535 8543 874 2135 4181 4858 3151 6559 4527 8391 5963 1698 6129 1771 2185 3650 5422 3031 7325 5788 8163 9364 7602 8736 9613 7470 8932 1921 
29 6261 1387 7395 3385 9416 1016 3667 3528 8377 3675 8511 7753 3563 9739 7612 8341 5565 8867 7813 4911 348 5626 1072 1328 2197 6709 5430 2371 5470 
28 2734 3210 6200 3914 3442 9777 4093 6112 3882 7703 8358 8222 2878 989 3896 8221 3068 2988 6589 748 5089 8010 5571 8554 4412 7002 4256 900 
28 6599 1788 328 6475 9806 8765 1093 9485 3429 5975 8668 300 4835 7321 4633 6453 6714 2975 8304 6949 5283 6852 6560 6076 2537 3653 8402 7471 
30 3060 5673 3878 7120 8699 375 5522 1342 6436 6584 525 6893 3982 5118 782 6338 2581 4525 8396 6734 913 3617 3864 1497 1686 5864 47 3931 8387 5638 
29 2446 2191 5492 1983 3417 4677 4183 2531 8914 4641 3336 9908 8821 8426 5720 3692 9564 9999 2488 6054 1510 1534 7892 8243 9524 6660 4352 9786 2630 
28 2234 6671 2604 5516 6815 3722 6859 5376 4247 5407 3546 3490 9618 3382 4776 9570 8210 4035 3714 5929 9574 5437 3688 8779 9476 8959 8240 7820 
29 2922 4260 6879 8503 6284 4005 7870 250 1777 5425 1218 5584 5488 2790 539 270 4814 6315 326 864 3966 1162 7987 3706 8708 2828 6442 2561 9307 
29 2772 482 6796 5545 7161 3380 8711 7117 8645 4263 1290 9979 5137 3771 2666 3672 1613 9426 3737 8 8059 3526 6858 6769 8803 2737 9971 4419 7010 
29 8033 7229 1424 7581 8872 919 9537 9183 6547 431 8917 8191 907 7712 3446 2372 1057 8196 1216 4826 1844 1475 6420 8940 889 9148 2487 3872 7348 
29 8103 5383 8399 6003 4455 2401 6500 2771 6562 8040 878 7400 6948 1642 2882 9668 2708 6946 9345 9807 7057 4729 5341 1716 7396 7951 2349 6179 7326 
29 4172 724 4878 5113 4046 1380 3049 1414 9975 4799 6824 83 8413 8686 6345 1830 2979 4893 9928 7582 2641 2102 9036 7523 2498 2385 6776 265 8694 
29 5634 1204 5889 747 3126 2555 5714 745 3480 980 6015 3110 7645 1933 198 9091 7126 2692 2792 1684 9614 6118 542 607 4008 6533 8916 6189 9343 
29 6428 804 3505 4169 2614 5066 5368 4377 2470 1132 5429 3670 529 7150 9800 5270 2462 7353 3056 9846 6568 1663 8485 3424 9576 9828 8585 764 6413 
29 7245 7047 9361 7253 8204 6379 173 5772 1602 4579 4732 8189 2092 3034 4148 3512 1225 4162 9641 6381 6107 1274 6899 6141 7518 5918 8589 7996 6491 
29 45 5645 4166 4068 2252 6313 167 2096 6215 9994 7670 4921 9051 8435 7696 8787 8190 6758 744 9473 2742 8069 7169 195 640 1474 1967 7839 7049 
30 8854 2091 7720 2836 4717 1053 1659 2359 6686 4545 4396 8617 997 8956 8925 3026 2193 2290 7808 8367 1043 3969 8209 6917 4150 9713 127 5507 7806 8392 
29 2368 8468 6754 3172 9139 515 3114 7489 5878 2722 7761 7811 3721 1147 9207 7924 1456 3376 4812 4987 9319 4537 2597 5359 509 7214 1638 3080 3708 
29 9475 94 416 3698 2323 795 2129 4251 4229 1431 2651 5281 3629 9763 4488 9276 8847 3261 8869 2861 8467 5319 8811 2398 4517 9293 5050 7555 3232 
29 3042 1595 3972 4957 9627 6242 2710 5784 9808 2009 8215 3434 8352 7973 1142 3287 2740 4541 8016 6247 8600 5814 8772 4705 4138 172 1295 4526 6576 
28 5266 698 2777 3953 9907 6049 679 3780 7105 4679 9012 2355 6811 1146 66 6726 9551 2022 9965 155 1687 7197 9221 2269 9563 8918 8768 411 
29 6440 9446 9591 9797 7367 8966 1198 9533 7869 5763 4898 1867 9628 7001 1885 3684 4125 4557 8626 5444 5893 3624 8635 4319 485 5275 2911 2969 9768 
30 3039 8039 9820 2205 6983 1907 5706 9439 8235 2175 7876 8153 5818 4092 7104 2704 1664 8764 6962 9706 8403 1008 8382 4624 5232 7332 9542 5618 6142 7502 
28 6613 90 8934 2876 7575 2394 2375 435 7693 9126 2725 4101 5834 5306 7586 7515 7676 5692 6307 6987 9062 2199 3713 8810 7930 2444 8879 5738 
29 2440 4397 6992 5751 4910 9027 4313 3489 6675 3105 5501 6813 9490 2973 585 8688 8960 5098 2344 5697 3787 7182 2784 1375 2731 3583 9444 4635 973 
29 6198 2351 656 3598 2860 684 6304 9184 7660 1971 9771 4021 7056 7532 1662 6545 4033 2379 7141 7710 3809 5363 298 8510 1682 8660 321 2249 1177 
28 1434 1512 8017 8438 9790 1760 5170 4953 5822 3508 2100 8892 5974 7962 3152 274 1828 4836 2164 7826 3843 2377 2553 6077 77 6673 8771 8753 
29 1179 1030 8492 968 8936 3275 4703 2744 2680 8974 1011 1168 3174 2354 3220 984 1840 381 248 1087 3965 3338 1372 5599 7517 453 9615 4963 7722 
29 156 7205 8927 8120 1059 5102 9329 6359 841 8483 6263 7000 1003 4081 8650 7069 5539 6387 8608 6023 4029 8951 5225 197 8712 4895 788 283 9577 
29 6812 1191 1556 1822 4200 7721 8320 4273 9415 2919 360 9247 4658 6143 6006 9666 2224 8155 1471 3788 959 4283 8633 2896 5985 6988 8640 341 4576 
28 1711 3782 8080 7060 1421 5051 6341 674 2937 9634 6318 5811 1144 2632 2982 3301 1088 1231 5750 5630 6070 5025 8929 5812 6972 951 6974 1793 
27 1134 6488 8971 2599 4476 949 6267 6978 1427 203 4290 2408 1744 7035 9283 7626 4752 8671 3077 4932 2503 7734 1181 1820 4674 3444 8311 
30 5876 8948 7475 3659 7543 9096 4942 2644 4454 1810 7664 1435 5000 4425 8436 9359 3978 5187 6712 7732 9711 6401 8719 6771 1878 6717 6358 637 3472 75 
29 1566 2297 3630 9459 7442 1575 2058 4116 2917 2511 2629 9728 5890 6182 8601 8780 9507 5573 2029 761 4491 7920 7687 1108 8241 5276 8978 9109 2338 
28 2758 9498 7871 2459 1080 2036 8933 6994 2064 4785 3379 545 3456 9010 8135 8031 6334 536 2460 8086 5203 146 5765 8174 8979 9904 3305 9802 
28 5959 1893 2557 4436 571 4627 771 2435 219 2243 3506 7377 3488 9824 6696 3961 8029 9465 2272 3365 4073 217 8706 4369 9934 5787 6626 6537 
29 9151 3247 4660 8890 8445 9489 9356 3871 4758 8238 4124 8857 2606 3502 5716 6166 5394 3293 2453 7083 3736 7293 4000 2340 3369 7100 8228 9188 1778 
28 5604 436 281 1860 1024 1515 1055 5506 7142 2595 546 1069 5108 1418 7233 8373 6884 2307 3142 2750 9638 8287 3478 9865 9947 4699 3038 9799 
28 9861 2847 8143 7864 7416 4628 6551 3103 6312 7597 4241 4032 7560 4511 4417 9729 8276 3253 9162 1850 2073 7263 7101 6907 9642 3840 1106 7460 
29 4467 9054 7235 1139 3268 4248 8500 8454 2142 4900 2078 1723 8855 5782 6591 5577 3499 7273 2684 9783 8048 7113 7600 2991 7477 9347 1916 6587 3818 
29 9832 275 3460 5387 5181 3733 8727 7393 4348 4306 3078 7355 9309 125 4120 9617 7803 180 7093 9396 1605 1455 8965 5677 8110 4384 6722 1738 6627 
30 9738 750 8447 8513 4824 4976 8992 5670 7561 266 5490 6033 8755 4179 2984 305 9421 14 6628 5043 148 5979 6047 8127 1277 892 2834 2273 1268 6301 
30 8725 8653 4766 5134 2048 2166 7910 9936 2477 8912 7484 7672 3454 8661 8066 9177 6968 101 2087 9611 2696 9639 9472 5589 1930 5391 5032 5960 9918 8636 
28 7080 9727 4994 7698 1554 3332 6643 1944 1897 8988 5412 4344 6352 9 7088 5546 5880 1033 1190 829 867 3358 3627 5342 7542 2904 4881 7936 
29 3883 7186 9635 9755 6973 3266 1677 402 1149 261 6715 9529 1915 2900 8963 7363 9122 6302 7425 6199 658 8173 2074 4790 6011 4820 3072 8360 8670 
28 2150 7855 8870 5881 1558 6794 2868 1194 4562 4691 3402 6693 4132 3377 9707 6653 2945 9534 772 9000 6642 9879 4326 7119 2571 3308 2532 7187 
29 7318 1660 1271 5938 1756 5585 738 456 6295 3234 9818 1349 4375 3284 2500 4761 8168 386 3125 9730 2449 3793 8014 4999 6761 6901 4257 3530 531 
28 691 3075 6001 2005 9811 7790 3242 8897 5253 9270 7522 7983 9311 5027 4414 4538 5825 923 4670 1696 8508 5873 9291 2203 4561 7174 5007 1766 
29 3516 1817 3119 9251 7798 1562 6262 8239 8251 3532 594 3058 5852 8020 664 6624 5924 8414 2754 6685 4854 3497 1331 8045 2721 2749 7319 6561 5486 
28 5455 6720 665 5534 2144 6985 4828 8263 1193 7450 3315 5768 9458 1968 920 2315 6940 1710 1379 5858 7862 6355 6569 4196 7478 2123 5551 1298 
29 7678 9791 336 7020 4123 2279 43 8581 4457 9260 7767 2913 6206 4218 7692 6220 775 3960 5841 3394 1476 3691 9061 4783 7154 860 7817 1001 7272 
28 389 2795 7042 2293 837 1794 1243 3647 9006 7462 5964 798 239 6484 6483 5409 9209 324 6058 4441 3564 2575 880 7717 4936 5685 2380 8816 
29 6130 7006 9584 3324 9382 7980 1996 8577 9990 8477 4833 9993 9179 1091 522 95 6170 1351 3222 3337 8021 1155 783 5521 2248 3355 9580 1690 6172 
30 8980 7794 7015 2482 5109 6556 62 1344 2499 2207 363 5592 6238 3241 4160 3401 1736 7500 7143 1806 1273 6645 506 9198 7601 8146 3207 2895 9431 3399 
27 2995 1130 1805 4327 2239 1681 8756 8920 5757 2646 9173 6449 2977 3028 815 7206 6343 7333 7098 4154 5735 5180 9886 9517 3148 8132 7559 
29 9058 7313 5245 1407 9073 5860 3847 8111 4117 1532 9375 4687 334 3705 8149 3463 7758 8757 3728 3976 6019 7827 2284 5091 3015 439 1105 6498 98 
28 9053 9136 4996 3064 404 2801 91 4745 1326 51 2867 8907 6018 4602 2348 6530 3571 500 4649 3093 3990 2392 8747 9285 1486 3008 6061 647 
29 187 994 8166 5129 3331 4408 343 4015 1657 8486 5059 4374 8552 6809 9334 9609 9400 4522 4865 7314 8825 5888 5011 7287 7125 2703 8501 1851 6441 
28 7643 1599 4066 5886 16 1267 1217 8834 8001 1609 8689 7345 9497 9158 8807 5214 3641 5154 4202 5920 6608 9682 3947 6293 8846 6311 6404 9643 
30 3190 5955 6785 1192 9669 7485 3443 9565 8506 8627 7268 5304 7958 2859 5808 2970 2757 6079 1584 3248 4899 1463 6109 8789 2778 6745 3779 5375 6810 2149 
27 3183 5613 1779 3306 4391 6618 9456 3984 5802 4958 8369 5998 1796 922 1068 6223 3891 3162 6193 7 3739 1031 7618 6920 396 2099 2155 
29 4904 3756 3991 9506 2195 4784 5610 5916 5512 7078 8013 3825 2780 2014 5152 1866 5076 4094 3754 9429 7226 8280 2619 661 4416 6704 7261 4135 9204 
29 3425 6897 5555 1275 5400 8046 2391 1322 5739 9436 3835 199 4823 3094 3132 9547 802 618 325 6900 3738 7391 8905 2302 1449 31 4793 4707 6246 
30 2717 8383 8026 8130 6681 5525 9223 7675 1603 7455 5793 1754 1405 412 9002 2251 4328 5001 285 3414 6870 458 4971 4267 692 7617 501 1211 7718 5255 
28 7849 405 1816 3932 1390 9856 4298 243 3678 1269 9526 6674 5869 5761 1552 4112 8667 7570 5799 2827 129 3309 8160 1790 5805 4600 4962 9354 
28 6885 5557 49 3350 8471 8651 6616 5457 4003 5142 8677 8144 9833 1721 8148 611 2110 4453 2602 7506 2486 6636 3910 5402 8559 4698 1559 4747 
27 9822 1752 7439 8049 721 5201 3439 739 7374 2590 6224 9300 2811 5800 7615 7912 507 9530 7403 1513 9605 5234 3493 426 3101 4585 6835 
29 6340 8607 5149 2916 4966 5251 610 1770 8649 8638 5322 4844 9750 3368 628 5540 4700 9981 6792 1101 8212 8275 8763 3351 2094 9080 371 4037 6014 
29 6430 9589 9743 3149 2430 6876 6816 2450 1725 2061 5314 6183 2720 7118 7702 3853 5642 6050 6759 9946 1334 7451 4613 9523 79 8880 282 5227 4087 
27 7851 6982 1768 8778 4050 4355 2918 3604 5838 7409 384 6378 4749 8109 6365 4955 7829 8921 4886 6937 9479 8632 5009 8117 3979 4832 3876 
28 3448 2381 2890 3679 9817 1985 6731 7359 9393 6331 5397 7802 123 2577 5135 5299 8200 1611 7961 4770 1357 137 6661 9277 5569 7553 1484 5065 
30 6056 8896 9037 2512 2350 2085 2992 319 484 2039 7812 8245 76 2316 4603 1358 6438 9513 4847 4742 1901 5414 7204 3374 4593 2311 3451 7997 7153 4329 
30 8172 6791 9257 4458 7650 6520 5683 6902 793 5293 8055 7334 8844 8332 5962 8475 1887 8758 1845 9239 8340 5145 7465 2109 3450 5711 9398 8774 9404 1289 
29 5371 4049 839 8481 2570 338 4252 956 6615 9949 8655 4047 8106 924 4925 210 4676 3814 4648 9144 5469 5004 3823 6799 3729 8081 4237 5042 7534 
28 2870 1539 2954 3560 7986 238 5619 2334 2525 5523 1694 1329 2148 2589 1458 623 2219 5567 8259 1733 6700 3307 4463 7520 20 7089 7850 711 
29 9145 352 7011 8464 3764 5542 8746 3203 3037 4158 9970 4515 4992 7043 1719 7779 6621 1950 1246 9801 7170 9114 9859 6289 121 8061 7801 8268 7540 
30 2223 7382 3693 26 6459 3845 2519 6007 6212 5159 7330 4140 9664 6581 6174 1094 7184 1272 4482 2702 1400 2628 3087 1447 5665 1626 8077 7008 6390 2994 
28 2584 4107 5324 7982 7295 8663 8798 5163 8458 2799 6252 4547 9694 1461 4424 9323 884 9922 4301 5321 2317 1318 2115 1279 3601 8743 6952 3116 
28 5254 1038 7529 1700 931 784 7513 7748 4264 5906 686 1303 5664 2845 2060 7159 583 7476 9337 7160 8863 7224 1546 3237 5907 1540 7655 6906 
28 4114 7297 5069 130 1600 6322 930 939 1802 3086 5297 7275 3131 8775 6208 4365 1383 7889 5495 6394 7255 6290 4155 3045 581 9474 5216 2406 
29 6975 5583 6935 9385 5308 6280 7239 9795 4341 9442 991 3273 5290 9501 6228 8990 2341 762 3007 9432 8064 3689 9680 8818 2990 6153 1079 8412 2678 
28 9141 3562 9850 7421 3866 4655 6452 5138 36 8316 3908 1899 6954 7247 7739 6540 4838 595 4842 5288 7669 770 8852 1337 4688 8582 5789 4014 
28 6096 3827 9200 2 8234 8884 8924 5424 7927 8783 5384 5096 8769 9043 9411 3495 9409 6724 4187 3012 8361 9603 1443 6022 2709 3816 4345 1508 
29 3660 7781 3656 8885 3139 9773 4221 6744 848 5687 161 6773 2833 1029 4351 6594 9419 3432 9597 5164 7420 3200 5558 857 3239 9099 6029 2585 8395 
29 4891 6557 8177 2263 8613 4165 1076 4137 9362 1555 4647 4281 4002 855 7948 7763 7221 2229 7783 7780 6122 708 4336 5515 1543 9423 8784 8479 6479 
30 7320 4246 9075 1100 9454 7728 2770 6747 3018 1259 4064 2412 8035 3730 2615 8926 418 4164 6487 72 2127 4626 9305 7490 4450 5633 2306 8092 4875 592 
30 2600 5160 1691 5476 817 7625 1994 9546 2674 943 3487 7091 7267 4430 6471 6414 9673 2466 2047 1265 8703 945 242 7658 4907 9025 2448 6435 6133 3227 
29 295 7566 4807 6363 6563 4817 9803 2738 4444 1242 2373 8505 7941 7388 6375 7171 4027 471 5554 2598 7211 1859 2987 7868 3936 1010 4422 4097 7364 
27 9191 8184 551 9732 9095 5726 216 2536 685 6385 9910 9092 2390 2759 6448 2226 1341 4475 1757 1755 5250 2824 4927 1428 6881 6955 7215 
29 6781 9360 9913 6250 5298 1631 899 2774 1064 3784 6531 6672 1214 1262 4743 9877 2714 5493 9929 9944 6934 9399 9950 2405 7508 3607 120 2007 9600 
30 3636 8561 6683 9951 3682 4195 4053 3804 3587 9267 6847 9035 7009 5024 6060 5202 7909 4106 7292 1286 7550 2180 3591 349 3510 6136 2067 1150 1791 1445 
29 4967 7639 810 961 627 8108 5435 7840 7993 6708 2260 2647 4376 4343 5006 3250 5958 8023 3621 46 1722 9379 9004 3848 616 3092 8062 8307 722 
29 3353 862 4754 487 8083 4084 8526 1804 6874 9733 8325 4435 2020 2017 8279 9712 7564 5295 2133 9316 4863 9843 9210 7252 1877 7770 9586 6947 3555 
28 5482 6687 854 9019 1855 6766 3669 2797 3215 257 5064 1742 6993 9448 48 86 2245 9671 6195 4159 5892 8126 1841 1237 2567 3328 9866 9163 
28 3187 9594 4170 2971 9515 7607 8442 1012 9220 3262 3606 2397 6719 2657 7167 8295 5741 9070 631 3915 6126 9176 8556 1470 8782 575 2075 8898 
29 4611 6347 8431 9219 2343 289 941 4395 9149 1693 6171 7766 7404 2404 914 6841 4492 2299 7127 4513 1569 8738 5381 7595 6818 4981 5970 2936 9478 
27 2849 766 5077 8745 663 8681 5125 4734 7680 3229 4440 3314 2675 8329 6226 7248 5131 8230 3792 8405 2669 6602 4884 6169 467 5930 3143 
28 820 2583 446 598 5826 5436 8410 174 6328 1020 3364 9677 832 6996 2032 4815 5013 5672 9911 9105 3270 5922 6541 4664 1762 7726 2594 6730 
29 9581 9447 6595 6509 5460 9963 8865 662 3905 5704 168 2808 7429 2235 6741 3657 4438 398 6527 5047 5722 622 5305 754 7604 3663 5372 1653 7456 
28 8598 6980 2813 6936 8751 5307 33 8646 5434 5530 9983 1319 8482 1892 6611 9734 6760 4086 3967 1026 988 5190 4505 6943 2942 4890 6969 7774 
29 719 957 7793 6635 3735 6000 4030 3079 190 6296 4822 7213 1935 5848 5230 96 6802 8480 2131 9230 9357 8342 2566 1374 5936 796 8037 1954 9784 
30 7138 2996 9417 9236 2396 3744 1133 7605 4478 6550 6567 7037 1630 5428 6137 2800 5373 9630 8034 3433 8822 2605 7594 5140 6499 2862 5215 8941 9296 6051 
28 9392 2648 1060 6664 3950 5658 2101 164 9880 8042 4163 3494 1389 5894 1223 7893 2753 7365 5617 6957 9137 7017 6694 8363 8935 2008 5002 5473 
29 3016 929 9117 8781 5483 7769 2221 8285 8911 9327 4792 3863 8350 858 1873 1353 5982 222 6110 8947 488 6536 2443 4270 1815 8165 2400 5851 6065 
30 6507 846 4238 6889 2752 9165 851 3934 7755 6097 9760 7935 9906 8384 4779 5943 2658 3004 8269 3945 5094 2002 9972 695 8527 9143 2848 1678 6898 2423 
29 5588 3832 4259 3987 9397 9678 7375 2238 4044 7097 8628 7706 8448 2463 157 3920 7499 8843 6938 4359 5494 4859 821 37 1333 5849 7934 4605 2388 
28 5832 1492 4951 1148 7867 9721 4673 8741 7202 6084 7305 1709 5411 6176 8489 9616 4970 588 4924 9516 3189 3221 316 9953 3988 8596 9100 2494 
29 8141 2517 1956 9699 4607 9719 8957 93 4465 465 1233 9952 3124 406 3889 9424 3927 1632 3880 847 6372 6855 7895 3084 2214 3796 2807 2134 2084 
29 9106 8590 5914 9966 6718 7842 572 8517 8182 2909 4544 6310 2465 8864 8490 9292 6104 912 9518 4668 7193 4620 4362 9342 1947 9023 2291 503 470 
30 3249 3452 3911 3903 1325 629 4788 883 5274 6523 2055 868 4266 1126 6253 4637 254 2432 5003 7684 9644 5807 8136 6489 7228 8219 2712 3349 9860 8799 
30 681 4805 3471 8949 3707 5949 3091 6369 5748 9339 5856 1724 9072 3246 3700 6072 6565 4509 2521 8459 5625 1200 9550 372 1580 2093 574 2481 6865 5107 
29 2038 474 5195 350 5999 1257 3949 107 200 974 4857 6460 8337 6272 4128 6362 9040 5899 3852 3445 827 6477 9503 2383 5173 4682 6266 5915 4539 
29 6570 5524 476 6890 9052 1241 3267 7349 5556 1081 1423 1564 8558 4215 4288 2237 407 5688 3244 279 2816 6108 3699 4255 8994 8895 5432 2810 9346 
28 327 1415 8073 9042 780 6348 8381 1904 4724 4370 6185 872 3798 6915 8254 5978 1918 1224 3776 7366 3933 6467 9977 6832 8376 9383 6038 3517 
29 9351 7179 314 276 6382 2633 73 5167 5875 6163 1980 9090 4869 5259 8255 2077 5594 9077 8684 9083 7446 7913 1481 8433 894 6327 2959 7424 5033 
28 701 3551 3316 8540 2236 8006 7915 8349 5235 8122 2062 9187 9792 6873 8732 1511 4493 1366 6469 4208 3223 3002 7376 235 4026 6821 9544 4275 
29 1826 159 1330 7552 5968 9322 132 8620 8154 1083 995 54 8691 4294 8901 7172 193 440 244 8457 3115 6066 9450 8685 3909 9064 8298 3870 6148 
29 3592 6330 8386 3519 8327 5868 2154 80 2233 4864 4062 7863 4428 5817 4943 7018 4750 9647 2271 8795 4245 1843 6281 4733 1576 731 5667 7841 7756 
28 7674 2086 227 2305 6177 785 7361 2337 4521 5121 3035 9116 6941 6772 4902 2364 5419 7433 5179 1984 5995 5217 3438 7094 2779 7843 7194 7134 
28 5835 6597 5511 9378 7519 53 6703 4048 8642 5028 7727 5291 6368 4161 7831 9823 6953 3596 9480 3732 201 4755 4176 948 4615 3120 7903 3504 
27 4115 3968 1734 4803 1560 7482 7572 4969 6470 4388 3742 9502 7949 1352 1726 4340 5484 6045 483 5563 2621 9101 1454 2054 3226 2786 1990 
28 586 8372 9826 8977 9128 3623 9391 5323 2266 8476 1074 9029 2923 8639 9008 5095 5627 1789 6083 5034 2366 757 11 9686 2844 7741 8353 3529 
29 3440 2563 3765 1670 9592 9263 9242 184 4134 1028 7135 3277 1585 2818 6406 7882 1488 4496 1640 7479 8856 6886 4449 6619 1287 3041 3467 224 2894 
28 1408 7613 4701 5031 5171 2147 8726 1340 8848 1883 3743 9703 92 3393 8871 6786 1495 5773 7632 5641 707 3673 3542 3111 8516 6823 7805 7688 
29 7782 7606 8850 4896 421 6822 4486 9892 425 1039 6856 9332 8721 430 4199 169 9011 1013 5415 9985 8662 7269 267 7714 9582 6052 2059 1315 2451 
28 4182 8669 4765 2012 2186 9549 1521 4809 356 5045 6914 9821 5200 1879 8796 7778 505 8491 9901 7874 3413 4342 8179 1347 5459 6068 2985 9827 
29 7277 8121 3027 8052 9751 15 3573 2409 3912 4095 6705 8967 8231 9160 965 8578 183 9553 2026 5605 6803 5264 5221 1633 6688 6929 5543 9403 7652 
28 8044 1824 5475 1862 4186 443 489 7751 7317 3865 2030 1206 6882 3010 9299 982 5590 7181 7357 1940 7497 3572 9903 6534 6867 7900 5635 9481 
29 3155 3169 5740 7744 3405 6868 8375 3513 9660 2955 2547 3817 403 3317 844 5956 3418 9717 524 3485 4198 9086 5932 3838 5615 5466 9748 2215 819 
27 306 9166 7894 653 158 704 8022 8641 1792 7131 5550 7072 1936 1636 5505 3204 1931 8997 4330 1078 3626 8647 9034 843 4827 4540 2480 
29 8078 9692 2330 6168 4529 4286 9494 5157 7392 5502 1749 9704 5905 2944 5767 9876 5531 7217 1955 9512 6514 3725 6579 4741 3930 6012 2143 126 7207 
28 8858 2156 5608 7694 2042 3 208 7878 6218 1797 4040 7771 3356 5367 4448 1457 8996 6494 1058 9171 4203 29 1086 7074 7544 4841 6332 6088 
28 8544 2803 2418 2140 6073 4314 8050 4642 5570 7709 5175 3553 1044 6337 6502 4146 8707 4609 8379 104 8676 1506 2294 634 8987 9438 6264 7641 
28 3873 6257 8740 2244 2906 3610 2920 3281 5105 576 6989 2120 1650 673 7844 2888 4740 1623 7283 7507 3924 8344 3066 4490 8218 4058 7978 2288 
27 9601 9243 271 3746 3391 2053 8365 5053 3176 9720 584 2080 9279 8762 1713 3869 1073 8444 3475 4920 9468 7897 4959 2866 5471 9645 277 
28 3216 6152 6765 7481 2747 6746 8609 9725 8262 1872 1493 5249 5080 4045 7493 8129 5239 7231 8973 8705 9373 6801 8302 2812 1316 9916 9650 9255 
28 3491 1359 9441 667 4715 8575 4730 7866 420 1519 718 6648 1371 4583 1452 9355 3047 9405 8199 272 1077 1153 1669 2491 8018 4680 7593 5269 
29 1579 8579 3503 5156 3462 1758 5654 5188 975 4938 7304 7284 4892 5451 9217 6175 9214 7591 5150 992 2871 8729 2089 2483 8032 516 2516 6217 8194 
29 4523 3240 8205 6819 2755 5182 7865 8494 7880 2846 8150 9500 2857 1097 6749 1171 8759 1117 8866 4357 9746 728 3613 828 7457 621 5729 7123 5561 
28 4119 5388 5908 4311 294 5901 4231 3803 670 6188 6574 6849 8722 3568 5718 9312 9893 247 8198 7051 7686 8202 5445 9082 7991 4380 9018 3071 
30 2586 9764 548 6699 6150 4009 2138 1160 9495 9499 5055 4293 6976 331 8334 6398 6998 7737 4191 6863 1116 3935 7303 9631 9661 1957 6921 9452 3381 8314 
29 9180 1377 3258 6258 2578 7773 5857 8553 9554 8309 7776 3955 5332 4180 512 7681 6807 3046 6964 3566 8301 317 2336 5560 3940 8305 1136 6647 5517 
27 3831 3482 1751 6925 8693 1165 8968 2247 4413 6666 4243 8976 6646 7112 6100 388 9103 7040 5078 7821 5141 7461 7052 4381 8658 953 8887 
29 3766 1925 8565 2573 6444 4887 3300 8256 8700 2802 1889 9466 6187 382 9344 8288 8837 4404 6127 9009 136 1982 6241 442 3859 7856 6320 7165 7796 
29 1813 5703 7487 2524 1499 3323 1283 7538 1167 4174 1360 6651 2276 6701 3942 8223 8999 6466 5246 6682 3178 3750 5088 1112 1281 3760 4548 825 9700 
27 3709 7574 1014 1442 5448 5744 2748 4145 2071 1688 5309 7237 1467 2424 4139 8534 2806 5980 1164 1775 8065 2883 7713 6159 1727 8683 4171 
27 1999 5944 3575 9606 5520 9147 466 9172 194 4929 7032 1880 5579 861 693 1606 8336 8827 5087 9275 5358 732 787 1881 1550 1503 7021 
29 3922 3581 811 7173 2384 2930 589 7800 380 2274 5068 8862 5791 3622 8137 5752 4113 1169 4085 4653 6549 346 6723 5719 3098 3993 5161 5178 9527 
30 577 4447 6640 5553 2479 7723 3731 1238 3182 3185 3648 8224 7195 2539 3543 7588 6706 2206 8310 840 3089 4876 6196 8456 8393 5582 749 5844 9724 8618 
28 8786 9031 68 7351 5423 35 3326 6971 7629 7610 9689 1960 6082 2534 7431 4839 3574 2174 1291 176 1438 1989 5120 7683 6490 5926 8539 3006 
29 6042 8246 256 4099 6351 6844 8970 2331 9954 2176 8330 3146 2262 3321 9256 9595 3409 255 7628 1201 4508 8881 3977 2884 8567 8830 9358 9873 6614 
29 7653 596 1186 7516 2815 6657 6658 6389 9781 7580 9690 4127 1695 7509 5072 9681 7750 650 7079 4499 4928 9245 1570 2978 1786 6932 8986 2668 7577 
26 8424 6062 6623 3612 6278 221 5353 1888 3887 7419 2760 1085 8842 3271 4335 3535 5651 6775 9125 8030 9849 4850 7281 3173 3279 6843 
29 3875 2711 3856 702 8906 7845 1138 9477 1821 4031 1189 2052 3127 7740 3983 9430 2108 3552 2839 2473 9088 727 9649 2865 3112 2211 4274 7965 6625 
28 526 9538 6959 1520 7579 9097 2642 2433 4889 7955 9110 2076 8345 3054 6321 2889 834 1652 5103 2733 4558 3521 5286 2328 4228 5256 6524 9882 
28 1808 3665 9940 5116 8714 7259 1865 3243 5861 9254 5192 2255 9216 7792 3941 9196 3639 613 490 2192 7940 1362 5085 2953 8637 1022 5021 6017 
28 9413 3533 3260 7084 1260 3703 2637 1299 5769 313 4945 911 7300 1553 3786 2475 3319 2690 2259 4972 4308 5518 6911 8306 4995 8225 2456 5707 
27 5014 7545 552 3919 6445 3716 393 5010 9084 2320 9281 8813 2121 58 5477 6323 6512 8571 4853 7971 206 876 3752 8343 5747 4643 5836 
29 42 5030 612 8400 4480 2535 8418 1542 9583 2179 3989 9368 9809 3303 2903 4855 6350 9295 905 5853 2172 6805 712 1527 399 5937 1801 9841 1911 
29 1717 6543 7031 5153 7742 1264 7149 6128 9059 6572 3813 2426 1618 683 4420 4317 6930 9659 3327 6087 3296 5961 4121 8576 3661 6573 287 7399 5193 
29 9168 3720 4122 2933 1964 2049 8293 9235 743 7468 6364 6287 9007 6192 2171 9716 1927 64 8041 508 3900 2347 4569 18 2046 1939 2041 4775 8009 
30 8220 4494 1196 144 4415 9115 81 9585 5390 8398 9274 1622 8347 8605 8007 8560 8860 7999 5038 2596 3964 7085 1658 6273 8520 1393 491 4586 6656 9895 
29 9049 3265 3361 502 8950 952 1441 7065 6738 4885 3144 3286 7785 5874 643 4421 9560 9262 7064 7956 2787 4772 7501 2427 4877 4532 8374 3857 4184 
28 3387 523 1066 540 4144 504 8754 6309 8036 4110 1643 7068 7877 4090 4276 3343 649 1338 2208 4225 2210 6909 714 3354 6798 3468 6598 9138 
29 7418 9992 7358 9559 5117 5229 690 9675 5074 5238 8943 3975 8371 4918 6147 7795 1858 4143 4991 1561 5607 1646 7754 8777 2627 677 6371 1367 2436 
29 9159 3235 4507 6092 7232 6481 6826 7896 6793 5879 8760 1825 3134 6684 2981 9325 7630 3884 7027 2650 154 8806 5872 5300 856 6360 9071 5953 9837 
28 4078 4236 128 460 2395 1740 8913 9133 6300 1301 2924 4456 8115 2730 3180 2387 3890 4706 9016 4269 8354 7933 7354 6366 1943 4552 6639 3634 
28 175 5467 4944 3951 1220 3755 1593 2021 2601 5474 5329 2825 259 6399 4167 5026 7733 9487 4399 6383 7266 3022 2072 4531 7106 7435 7885 8805 
29 6423 8207 3579 5349 9772 7621 9467 1784 8389 5900 5547 2050 2495 7860 2683 2006 2951 2407 4860 7041 7504 3230 6254 8836 859 6654 5780 4923 5987 
30 8995 5326 2332 563 9079 6504 5126 5596 3821 1610 7614 9857 4100 9233 3003 7587 3605 8226 8804 4451 8692 4709 9259 3586 8535 1981 9244 1270 7854 519 
28 207 5008 3383 2736 2841 6966 4597 6854 5935 4726 7071 6098 1321 8883 7044 6111 1376 7103 3549 6468 6825 5316 3559 2691 9045 5774 4235 4916 
29 4935 1568 2442 5377 6275 4227 5867 1151 4385 4289 373 7039 3290 8390 1905 9252 8982 3805 8171 1803 8380 8071 6316 6659 6251 9679 7789 836 6596 
29 9014 2766 4543 5462 5207 3757 1282 3997 5439 7671 6609 2502 8989 1621 7491 6134 3576 2663 7563 3245 3140 5328 459 2638 3547 1015 6094 2956 2507 
29 2851 816 2874 3618 6374 5313 1203 2745 22 7024 59 1215 8931 9280 2082 1530 3470 52 5340 4861 3052 1703 1129 3163 6325 7090 3161 5877 2367 
27 102 8128 8851 7026 5574 220 5637 2027 1370 9919 8008 4147 8185 7146 4109 3567 303 7832 3600 9493 9146 8622 5337 7970 4224 4268 2157 
28 78 3860 188 3044 9120 9462 2439 6409 2303 5189 881 2699 710 2114 5646 4623 4103 7285 7634 8809 9331 3498 6797 730 1601 3366 2267 6202 
28 4768 9213 910 4937 9702 7992 4530 308 8518 6277 9067 4168 1436 6908 9024 7757 4051 444 7963 122 6662 1827 2612 9766 253 3345 870 2791 
27 7584 9718 1704 69 9150 1969 606 3830 3158 5382 1548 8616 3011 1498 4332 4819 2425 4305 5778 2958 7140 6986 6260 5196 5734 3868 9969 
28 9888 5130 3681 1410 2253 2126 4307 1368 3724 619 2931 1799 9249 189 9381 2151 1173 1645 2625 3466 4233 9840 9789 4222 1266 3168 1991 4364 
27 9435 2864 417 9286 2212 5478 320 7240 2415 1096 648 5395 6601 1507 700 131 1906 7578 1426 8656 4445 9539 5158 8100 1446 6960 3554 
29 2209 9246 5984 6416 5612 2746 5058 7054 4880 1007 7815 4990 2382 9365 8915 1413 2034 8461 3408 5977 7685 315 7905 464 218 2170 24 7537 1363 
29 1574 5233 9460 9522 3518 8910 970 6286 6473 8123 3791 4591 9228 3759 9796 1598 2445 1973 424 5335 7819 2356 4036 2177 5386 5593 1607 1665 4188 
30 4189 9688 554 5669 434 1715 740 964 8828 1120 4856 6354 322 1701 178 6895 2187 9469 4534 6827 5602 1432 4810 10 6431 7791 103 5489 4111 4331 
29 8946 9561 2335 3339 1049 215 1639 7441 1882 3304 9973 560 5405 600 5909 1706 9098 211 5357 9085 1335 1478 3861 5981 5764 638 2357 5481 3808 
29 934 8698 5846 7335 4249 9915 6990 5639 4194 4638 7328 258 1128 6508 2342 2283 6180 985 8537 2490 28 8748 2529 735 9878 7413 390 4502 4625 
28 7426 3632 9756 9408 1644 5210 5580 5296 550 1852 3194 4906 3923 213 3525 1571 7438 7410 4719 4711 7198 4173 9905 9667 1975 8317 6732 2254 
30 9189 8546 8406 4503 170 5226 2775 2301 4472 4083 871 6225 1589 1176 918 5842 3662 803 478 1563 672 6297 5449 351 4039 6833 3457 2467 655 3595 
28 1141 8644 4632 9787 3396 3412 7327 5742 7163 8289 3794 9654 6367 6721 866 1052 1616 5884 4389 1252 562 3593 2905 5629 7521 4197 7697 9510 
28 6229 4501 9366 6970 6910 6211 8368 9943 1730 3785 6800 6997 3686 3806 3108 7212 4059 5640 7964 1230 1251 7665 9301 4320 9001 7246 4956 1868 
29 3153 6021 8366 4067 9785 9816 5318 7412 2313 6553 3212 4201 6999 2066 9118 57 4258 7898 7881 7208 2898 9663 8998 3994 1978 4666 6008 9161 6546 
29 4466 8961 7115 1590 8273 6767 147 0 8876 9153 7536 2935 4295 4986 5972 3211 7700 7129 8429 4686 3357 3980 9608 3352 9353 6203 5948 2493 1185 
29 4052 280 528 6928 3620 4933 2346 2136 6944 7835 2097 8047 2389 345 6892 7199 4934 3359 100 807 7814 1514 8853 5016 2393 882 3024 518 697 
29 1048 2163 8654 9227 7699 8615 7087 134 2728 5343 6697 7824 3839 1929 9923 214 2216 3193 7350 495 6831 1501 7799 1714 7192 4954 6269 1099 7264 
29 2805 4830 5595 3640 2003 6283 6485 7526 901 4325 472 5647 2188 5913 8094 2546 2508 5487 3594 8331 1992 5743 2421 752 3527 806 4592 7294 537 
29 3423 8364 1924 2769 2013 8266 9961 3651 1098 6472 8147 2040 7838 1544 4371 9588 1391 7994 4787 19 1065 9132 6679 7998 2885 7166 368 4708 8696 
28 6950 7918 9131 8282 4697 4309 6437 4589 4931 9420 7466 2705 9464 1963 8362 9047 1763 7133 7070 5421 5933 296 7048 8515 2275 3289 2850 6173 
29 5919 3877 5967 7689 8324 5148 4082 9665 8673 7405 110 8067 1163 6780 2817 1063 4845 9525 8082 1006 9386 2461 897 8742 5294 3710 4998 1399 849 
28 1572 2202 5564 8733 4834 7158 5079 2613 2843 7743 9812 2184 9278 6945 7265 5827 5447 8587 7762 8580 2773 2363 9201 8058 641 145 5779 6787 
29 6392 8394 6151 5632 5151 706 5912 4566 3341 1118 7816 1182 6213 777 337 3344 8972 8321 9726 342 1332 5663 8326 5039 4297 7677 1255 6680 233 
28 4960 3288 2649 5895 9484 7176 5863 4950 1895 7651 5350 7282 7846 2165 5191 8051 263 1732 9749 3217 410 8079 4265 9557 5536 2907 2620 1596 
29 8097 7175 6265 6655 4560 309 4948 5850 7316 2788 8466 4728 1988 387 7298 5114 5790 299 7848 3973 9226 5656 4242 9948 1951 415 9723 6564 2659 
28 9371 9038 1531 9933 462 5990 8201 117 689 734 8573 5699 1280 3944 30 1832 1161 5212 1480 7646 1324 6370 3257 8770 9208 8060 3218 5240 
29 1769 688 9695 8717 4622 9241 3019 2794 902 620 6918 2948 7340 7242 7557 1439 8599 414 8495 2665 3768 1699 7055 3081 181 497 9869 8443 6405 
28 152 1896 1140 1926 2914 7679 3479 2853 5168 5403 4460 5169 9655 1661 9935 369 5037 17 4595 1729 8785 5824 9335 3614 8244 3030 4767 4300 
28 660 4989 6046 1809 8162 2167 9864 9848 9231 4334 4504 2643 1459 1829 153 7558 9021 3088 2997 4781 9333 6840 7360 2667 6308 5054 9847 8385 
28 6808 9445 457 40 3582 8697 2018 9406 8005 2552 8260 1292 781 6457 6692 3400 2485 7189 2941 776 6259 9306 1811 2927 6503 624 3901 3642 
28 4071 9440 5334 5472 4777 2912 4069 6419 1871 2286 8889 564 133 3646 1070 4378 8158 6695 97 1945 3538 3578 4108 4411 6637 7966 6806 7527 
28 6424 9740 3534 288 5855 6005 9825 3854 9619 8728 1683 353 5441 7809 5947 5622 2309 1656 8161 1090 5339 4426 1869 9759 4437 3138 8216 419 
30 5057 5147 6425 8797 291 7715 6634 8463 3770 2947 9835 1395 7443 4382 5075 4177 9852 297 3419 2112 7067 6031 4324 8188 5996 5725 8416 2670 8715 1199 
29 1587 9814 3496 3899 3099 7528 768 590 8264 5496 9889 1861 39 8752 2761 5786 3886 6009 2321 1591 1296 6067 2875 1900 9065 4973 3668 1697 7886 
28 5046 2713 9747 6474 9520 9874 7061 6817 3715 7765 7036 3631 55 7623 5727 4207 6396 7823 7003 1970 5165 160 699 5819 547 166 1313 2565 
29 8849 2607 8434 2228 5333 5945 8178 760 8541 2654 5420 4952 9287 6026 1453 9810 716 5123 3690 4206 7736 5785 2694 6324 6013 8484 1928 7747 6207 
29 9111 9696 9957 7309 8833 2201 2429 3644 2679 5821 9548 4818 140 3584 5265 2837 3370 6306 354 4572 8817 2880 366 3483 2926 2718 1071 936 9558 
29 13 27 191 9884 879 1276 1750 9107 6162 4559 1526 2153 6115 4074 1856 5775 6376 5252 6336 8208 1157 5172 4848 2250 566 7223 8290 6279 2103 
28 6197 4922 5934 9930 1124 6912 9909 209 1839 4652 3892 5292 5691 4723 7075 7888 5081 2319 535 9028 4013 1628 6335 6408 3959 9505 3957 6121 
29 4764 4469 8125 6871 6748 1462 7086 5433 6764 5183 1849 9127 3834 9414 3441 6380 1050 5810 355 967 2035 9369 5155 5408 6002 4872 3062 4594 7414 
28 7937 4392 928 4442 3164 7952 6099 6979 565 2558 6586 5289 5219 32 5356 112 9471 2246 6020 3017 4816 9623 3841 6222 6305 3697 2957 3810 
29 9714 4662 8710 7969 3702 4739 4514 6446 3100 8211 4684 5279 5689 1952 1170 1894 6851 461 2420 5061 6034 7454 2588 25 4905 9320 5712 3334 969 
28 4974 2765 2855 5128 1890 8421 7201 1420 2707 3545 3797 8734 5847 5122 4471 6432 6617 2929 3569 6896 7434 5710 7073 8542 5261 4735 1473 8351 
28 3590 1833 5952 7638 4151 873 555 5446 1127 9870 3313 6862 1034 6024 1308 9232 7673 1240 705 6043 401 1107 2025 1254 8981 7029 6149 7907 
30 602 1938 6497 5898 3264 1025 4553 7891 6274 8469 6268 2522 5083 6025 7884 1135 4373 6977 3085 1565 4405 8570 5715 7967 3141 3196 4913 7772 5204 4964 
30 9321 3384 4474 5197 6493 2141 7144 8417 9745 4190 4363 2735 7928 567 4713 3477 5652 1886 6649 1625 8496 7797 6194 6517 1718 2095 1705 3758 3403 4659 
28 4141 626 2000 7724 5005 8954 3541 9310 3156 2457 6820 1444 2852 1761 6426 3599 8217 7023 8138 5271 469 1966 5686 4360 8068 448 3956 4978 
28 7576 4759 9942 5815 9899 8937 8564 4524 2281 3388 4489 3515 5417 680 6670 9598 5806 6476 6777 935 5143 3676 6981 7551 9579 7729 2634 7417 
28 570 9248 2152 7922 1197 1239 1095 1222 1485 5700 391 3298 9651 3065 7099 1783 4693 2660 4894 6219 7954 9108 1874 105 4811 556 3633 4690 
28 962 4634 330 7648 9076 5705 9540 1898 9457 5976 2513 9089 223 6388 6836 917 5485 3109 1702 6604 5866 8101 9063 2063 717 1385 1027 6480 
29 7883 2146 4390 5794 1278 6922 2677 9407 3558 409 8877 3603 9057 1972 9261 475 6539 9427 2899 5468 3000 1814 9377 6 2976 6495 3404 845 2980 
28 4065 9288 9202 8003 60 7249 2258 5759 3544 597 1104 1045 4379 7682 6433 1221 5056 9156 1823 9026 767 7902 7220 4584 1798 6397 561 3048 
29 5465 3775 1113 8547 8237 2024 1592 1735 720 290 6138 2116 9303 376 5732 5758 2972 6965 8839 1394 6880 9722 9433 1538 8845 5586 9573 9015 3748 
28 7633 5939 5917 3278 8074 4104 8791 5223 3683 5035 8296 5282 9135 831 5695 9683 2113 5463 9897 8181 6158 5019 8648 4961 240 7837 3913 5723 
28 7662 3076 4757 2399 5598 5783 3225 6652 5301 6711 9917 8832 7312 5839 1392 6075 6518 9567 976 1284 8357 8427 441 8043 2572 5736 8470 7649 
29 8099 8730 6888 8875 9836 593 6027 7944 3904 1477 3774 4941 5770 7989 5427 533 7200 8519 5385 4786 6131 765 9193 6478 8749 1263 5591 5991 4361 
29 9488 3704 6461 7384 1608 1923 6221 8488 8812 5568 2028 3407 8455 3981 1249 3888 449 7218 8186 6035 4333 5364 9536 8192 8197 2776 7861 7178 6216 
29 4753 5097 5721 1614 1776 6255 1300 7379 5887 925 5749 38 4565 7589 7258 2869 1876 4244 2128 4879 7571 8557 7659 113 3943 5398 6755 946 85 
31 7914 2830 1425 1067 9130 5829 7381 5925 9350 3654 1207 3431 3310 3926 4578 5426 2125 6204 9587 1523 463 9234 8923 2117 4468 4746 9710 2999 1739 5988 4131 
29 8346 2793 3643 9956 5680 1787 4975 1932 7046 7291 8808 6434 3849 1046 8124 3897 8028 4010 2045 853 433 9225 6583 4510 652 7156 3474 3159 6804 
29 7148 9887 4773 4909 229 6125 630 3427 789 5904 9862 4612 909 2617 998 4737 1848 1213 4604 4429 7548 2934 6239 455 7152 9422 2829 5044 6091 
29 3363 1187 1040 9891 779 3238 8012 4550 6750 5133 972 7873 2033 3974 2739 4727 4470 812 3638 4778 6081 1019 5776 9020 7746 7731 4353 8265 4347 
29 4322 7642 726 7979 7707 9761 6779 9753 2161 204 413 4153 1524 5438 4011 264 2631 1346 9509 1582 6095 3053 9514 8955 6784 9774 4940 3188 7690 
30 7427 2198 7397 3781 9273 1604 703 3556 2289 4432 5781 9793 2124 8938 1294 4669 9757 2327 3329 7373 4142 7302 1110 6593 3208 9705 9687 4714 212 5885 
29 4804 6227 6319 34 6234 82 5360 2673 1258 9851 3340 21 6590 116 3807 4551 4883 7155 5628 2723 1075 2455 6592 2545 7505 6415 3652 4866 4977 
28 5777 7511 1285 1772 1429 7957 7464 800 3167 1668 5533 4873 2877 805 7058 8095 7514 5331 6967 9199 4675 4462 7019 4571 8750 9731 9782 9932 
28 746 2698 6857 4650 7985 4175 8634 8873 87 6872 569 310 5063 4617 7310 5648 4780 9779 4846 6605 3561 2856 4681 7711 5950 3985 9349 2783 
28 4852 3104 1712 5127 3150 8766 1547 9461 6236 6690 9482 7830 9434 5820 6742 5730 3928 2227 6839 4606 9684 114 2796 1812 6181 3664 6650 2611 
29 654 7494 8297 2037 2168 6016 2838 5396 5401 3069 3280 2122 8939 7620 2428 9453 8529 5174 1941 5139 4285 1922 3133 3447 6838 2510 9987 696 4712 
28 138 4797 3921 4034 7177 9302 3486 927 2892 8652 4383 5830 3449 3061 7053 6384 3602 8984 763 2543 1617 2655 6751 7289 1765 1655 6157 2719 
29 1965 377 1437 8919 9175 9752 7974 8569 499 1549 6795 6210 5404 916 3585 1137 4080 335 8420 5636 4663 6834 5243 9881 6828 9765 9829 7315 5921 
27 9543 1942 7380 2169 3557 7022 3619 9186 7038 8258 6707 5018 3695 8378 6282 2484 8900 608 6525 3032 1782 6139 5946 7386 2544 4516 8096 
28 1577 1035 8286 3867 3907 4636 6622 150 1759 1307 5413 5124 8604 2743 9552 8908 8370 1581 9701 657 9519 8521 6501 983 2478 8682 7004 3570 
28 8057 4980 7448 6402 6620 5724 4694 5303 7111 7401 70 9871 7157 5048 9931 9197 955 1502 4372 3428 4220 6903 1500 8788 251 4762 2814 2296 
29 9988 8502 6931 3302 3373 3671 4567 9394 2158 4079 3398 9593 5347 4930 2645 4213 9050 5248 9998 7262 4731 139 4912 3996 4407 1937 9463 5361 9770 
30 2265 4671 6245 6864 2640 4152 3318 7299 9380 252 4055 9921 2474 6763 143 3801 7853 2821 5287 7879 1748 2361 4744 4210 2282 4042 5549 2881 3202 1773 
31 1386 8299 6154 9492 9804 3696 1588 5351 3040 8793 6160 4520 1158 67 6386 4748 3753 5479 904 6689 2402 9566 7945 8229 3577 374 262 9894 3645 6830 8629 
29 1109 8835 498 4917 1465 5144 6710 9898 5406 230 3608 7188 8538 7663 3461 1819 2292 2333 4023 165 7444 1529 3224 3998 3938 8893 9968 6942 63 
27 2378 3025 3701 1976 3291 4304 2782 3520 9425 6860 4782 2370 249 6716 2300 8497 3325 5708 1180 3658 293 9813 3588 9698 769 1522 2623 
29 3123 4574 5528 7449 8530 4001 1131 6752 141 2318 3637 4564 7596 2686 5504 7102 4614 8720 3378 5431 6349 7311 8252 1017 8533 4346 8070 4965 9154 
29 2672 4581 8678 6117 9621 4192 792 3625 8441 2538 1516 84 8145 8509 8140 361 379 887 1720 6528 8524 162 7562 9508 4105 5870 3958 9995 5823 
28 5500 1364 1037 5263 9629 6566 7227 2562 7784 8213 9964 2842 8142 4851 3137 1977 5399 4763 5194 6458 7657 614 9181 9253 5809 8891 3826 5392 
30 2417 2414 4338 1909 676 2352 8594 7347 5302 5146 9376 4774 741 394 2967 8550 4434 4570 2492 8056 5267 4007 4024 9569 6040 4798 4580 5698 8167 9418 
28 8709 7984 5537 9636 3283 7408 6866 8076 7390 4204 6927 8536 6878 8630 2872 6861 4738 7510 9693 2676 786 8449 1974 4608 3717 8272 4556 447 
28 5062 1573 3772 8118 3844 4629 3836 6167 2489 468 8131 822 1920 4919 2560 2225 8498 5614 1741 1884 2932 6080 3154 7972 1396 8792 966 7260 
29 1641 5837 3937 5112 8261 3036 9831 8831 6538 9854 2083 1000 3416 8278 4862 8942 6106 9624 8107 774 4211 5576 9945 2732 1518 5231 340 8514 496 
29 8551 9194 6729 8586 3762 3680 3881 3297 8460 5277 7336 1908 237 8015 6450 958 9169 5816 4618 5338 1355 7818 7139 6248 2505 587 5513 5681 4901 
28 4077 6214 4769 3410 5082 7637 365 106 5369 4272 9815 2548 4410 9185 7656 6991 1 3473 4439 1159 2764 6848 4979 3727 192 9113 8548 1864 
27 7324 6668 7402 3005 4710 3851 9229 7369 4017 1692 9976 7059 4402 1914 8597 9119 6905 6526 2974 7535 5753 823 9032 1404 6303 2556 3021 
28 4398 1125 8415 5997 2767 8072 6105 6361 4640 6037 715 642 4825 9389 2671 1496 56 1336 4133 454 579 1953 5624 6339 9134 1464 2213 1993 
29 666 1143 4568 5247 1597 1795 971 2762 1411 4588 7190 3986 4136 2019 5994 7238 1469 4946 3276 7624 3397 7469 9657 5017 2422 1634 5845 8180 7368 
29 3511 6770 7183 5696 3009 1612 6676 2950 3777 1089 5578 7531 1934 7288 895 1122 5541 1781 3615 549 8735 8430 9602 6887 4367 2105 7926 4063 5453 
28 3815 7787 4318 422 2339 5348 7296 2983 5355 2509 1166 2044 7549 1145 2527 999 6400 599 4806 151 4968 6548 2285 2264 6041 8928 5418 4678 
28 6603 7946 1205 5566 8277 7016 1245 2194 4446 2068 4657 5106 109 6044 2540 7378 6768 4070 7168 5362 797 9610 312 5702 4271 9164 4791 2661 
28 2182 9157 1021 9632 7116 7430 236 5218 74 9308 8602 3191 3020 799 4813 3389 6924 4054 6120 1084 5745 3726 2160 6631 1800 5285 1184 9192 
29 4760 8404 1842 5675 1737 8250 9504 4089 4630 4500 1256 4519 1747 5854 8886 3747 492 9140 8119 8113 3761 6923 8157 7486 7453 5344 2441 5029 2504 
28 445 8657 7394 2756 8701 4278 4350 2310 7045 3166 7352 8861 3136 9060 5268 4149 5464 9867 9521 668 1202 5709 1995 3649 4947 1327 7908 2107 
28 7828 4303 450 6961 1123 5796 6036 3299 2624 3850 4223 4316 709 9672 1451 938 2568 9709 9511 7959 329 8411 2079 818 7858 4518 2781 3375 
29 3236 553 5185 3259 4573 4903 541 9324 7745 7472 7082 9855 4985 5833 99 7196 3043 4261 8303 8397 1902 6733 4012 4721 7411 6377 5317 7568 9212 
28 9282 8568 915 6032 2051 1913 1412 5587 926 2183 3925 644 1948 8038 4226 6743 8087 6288 3539 6894 9265 284 1311 3687 6783 9003 7608 7887 
29 9925 6610 2858 7151 4250 5166 7110 794 9798 8794 3055 8801 428 7290 3723 8610 2564 8116 5927 6333 725 9013 1731 8112 2533 6667 3970 4771 6422 
29 4473 9443 9336 9685 1152 8584 6411 7278 5510 1082 5440 6454 3819 6291 7859 7307 5040 6124 7943 7398 6641 423 8388 8802 6356 8731 9152 4418 3082 
28 5798 7222 6093 5461 9754 1293 8093 7541 6535 4542 8253 5661 9081 1774 4312 9483 9674 7428 6788 1343 7092 4403 1061 1594 7050 7938 6240 1637 
29 9215 3492 5865 5310 1448 791 8958 1302 9451 135 4497 4988 2685 9845 4157 1382 9387 4596 8156 9237 2081 4563 6774 149 4337 3906 3719 1946 7162 
28 6669 3179 2365 9352 2353 3292 3783 9395 8528 8206 4665 4882 1320 5600 5581 1054 7081 3824 3263 7640 4022 8428 1297 8823 2819 5678 8619 5273 
28 2993 8339 8134 2472 4386 5797 1487 7960 7916 1671 8089 4914 3879 6544 6904 4240 3113 2700 591 6529 5902 8075 5575 1378 9863 6184 7362 4789 
27 7995 286 4481 1835 9640 397 385 4315 7931 4888 1309 2946 1962 5132 669 635 4310 6739 875 3029 6071 4651 8084 9112 5526 4354 977 
29 6845 8983 5237 6407 5020 4096 7598 9986 6230 2835 3484 2826 2416 1406 2010 981 1537 241 5572 8312 8664 142 6702 88 7705 7968 6496 1551 1154 
30 1472 3929 4088 429 9612 8549 3346 9315 6919 9531 7062 1708 8437 9370 729 3514 6644 7236 2173 3773 2023 3874 8531 5380 3459 7280 2716 5257 9607 6090 
28 9155 7337 5966 3855 3177 6554 9238 1174 2542 6256 753 933 3095 5015 4277 6607 3013 481 1619 5891 118 4209 6103 1209 1361 1369 7066 1627 
28 3256 625 7569 4802 2506 979 8281 4394 8000 6630 2230 8562 7370 3778 559 1114 8139 5989 8300 260 9938 2190 7619 8606 3014 5650 5621 1212 
28 3145 2496 7329 9039 3898 813 3335 4672 9314 2280 2011 7554 3415 5330 3096 3458 3740 1780 9896 5676 1979 1912 3135 344 9041 5280 9697 7341 
29 993 5325 5136 7244 432 678 2569 7467 2541 5090 6412 8623 4696 6486 6757 6846 5731 6963 7975 4837 6004 1388 9496 932 7647 7107 937 3540 3436 
28 9340 3181 5653 2469 5244 9590 8176 4387 4025 3254 8894 8284 5352 4601 5379 6048 5643 8425 801 6140 5871 5684 8922 9074 5813 6028 1875 2587 
28 558 7539 4751 896 9268 4718 9955 6393 3500 323 7925 2178 7990 6063 1853 6439 2593 4704 8563 6558 890 9486 4038 4459 3311 5374 3059 124 
28 2452 4349 2554 7458 5456 6753 7691 2232 7483 893 1092 2887 2314 877 1667 5662 6353 4299 5458 9102 7250 6465 2360 6577 1629 1891 6663 9958 
28 671 4794 479 9129 3411 2622 8718 4575 5100 1226 1460 6085 3464 1494 1535 6078 4645 9017 6064 3749 9313 4485 9572 44 12 6161 2016 1648 
28 4661 2090 7251 659 4126 4639 6427 9762 3802 400 7407 1402 5162 2056 8621 5378 6850 9528 9875 2458 5762 7567 5657 5660 9788 6762 119 7899 
28 4616 4796 5213 3694 6102 5896 3537 9599 2574 111 833 4401 8611 1870 8338 318 4800 302 4498 6571 4216 9206 3655 6782 7807 9927 4512 2528 
28 2636 7343 89 6030 1210 5 2608 6205 9338 9203 7243 4720 9222 603 1504 3677 4843 5236 2592 4725 364 8408 8323 3842 41 5928 3829 5666 
28 7822 1247 6482 1745 3536 7185 4282 1541 5278 7415 2763 6814 986 4829 5519 2798 9776 5986 5111 8091 8102 50 7583 7121 378 7764 3422 6632 
28 395 687 5942 1505 9625 5052 8679 3745 3130 1680 8859 4689 6612 5450 2464 8175 830 2910 8054 6285 1949 4427 8308 8672 7164 852 824 5690 
29 8407 8432 2693 273 357 6292 1004 9182 8274 8025 5597 8159 228 3812 3894 6837 7546 5957 646 3550 9578 2159 5792 8902 2962 4479 8024 6542 4871 
29 9872 9662 7695 3201 9123 7436 2840 9622 5176 358 332 9780 3121 6829 2204 1416 6146 2181 2118 6314 3597 2438 898 2964 5527 4619 1323 7270 2681 
27 6190 2241 7752 7890 3347 2609 8478 9853 6276 5601 4028 7007 6298 4598 367 514 6326 1903 246 9926 6089 1005 2261 7810 1288 2431 9556 
29 2823 3209 1746 9304 3954 9258 4323 4621 177 2132 5222 9412 6456 8512 2551 5104 2256 2231 3371 3252 9271 6116 9167 6053 2938 8776 6633 2804 3767 
26 5552 8472 8027 2526 6869 4495 3348 4185 8723 6069 6582 225 9367 8882 4549 7932 6678 179 944 9744 7498 9022 7923 4695 8187 8964 
29 1753 2550 8170 3322 6410 9708 6519 1998 5312 9883 5311 5694 6728 863 1409 7385 2697 226 8291 347 1234 9402 6926 4993 7616 2088 7371 5284 694 
28 6638 9104 4870 4 2966 7668 9055 311 1121 6606 9839 8659 6735 7276 7033 633 9596 9626 9195 8930 4536 7339 5728 9962 5559 2789 869 9741 
26 8595 2785 8625 906 7667 4722 9078 4004 6344 4130 3846 8826 568 4230 3837 3184 3718 8767 1384 7452 7666 978 573 4590 8583 7063 
28 2652 5941 8356 2304 7383 2057 8572 3430 2001 392 2943 778 7701 3828 9290 903 1156 307 8525 5620 1381 2374 1685 1305 940 4461 9555 9941 
29 3233 4433 8969 3476 8053 6123 7406 3858 5084 8588 9842 5327 9218 954 231 2549 733 1403 6939 3372 3097 3206 9652 9637 1728 4291 2189 7322 3107 
29 3902 3628 9470 8841 5258 3186 1854 2410 6186 9317 8318 2325 3795 9844 639 7556 4656 5205 5060 438 7547 1208 1183 5101 3214 2706 6271 2879 3952 
28 601 7096 9646 1417 9428 7488 6244 9240 5071 7875 7108 865 7005 6418 2949 8614 2447 6958 5923 7599 7145 7445 1583 2626 6447 3522 1345 4821 
28 8315 5532 5965 2965 2137 473 8328 383 3320 1419 1002 5497 3251 2893 5443 1567 4406 9174 7573 6132 2222 6455 7857 9170 1227 2616 6737 1397 
28 9742 4060 736 1422 5086 8991 7988 5315 1620 1545 4178 6145 7459 3390 9996 8283 2312 6725 7495 9142 6144 9318 632 8522 891 3083 6842 8114 
29 9284 5049 3501 8829 8820 4867 3033 4356 8322 9737 1986 7423 4667 2724 1401 604 3129 5242 842 2362 2688 5544 3023 808 4646 205 3589 2809 3386 
29 9211 4949 8952 8624 9033 6580 3001 2322 8993 5119 2928 1919 1056 1838 234 6521 6877 6417 8674 7716 6243 8888 186 4366 8695 3274 6513 9410 6588 
28 8090 1468 3333 1863 3455 6464 3741 8249 987 3565 5983 359 115 5840 3609 2324 8242 4118 9266 7095 4939 6342 8838 9124 6506 5609 7654 5208 
28 7609 8183 1807 4279 3367 3118 9989 4692 2403 8493 3228 8815 2998 9736 8348 758 3971 6039 8868 5754 9834 2476 7512 5538 5110 9991 6235 7947 
28 1466 5241 3312 4219 4156 1229 6395 1306 8904 8944 4443 4284 6429 1314 7725 2278 7834 3885 8800 9656 7274 5649 4908 6201 4840 9767 4339 1651 
28 8724 3128 6463 7323 7147 1236 1009 4205 9658 5508 4533 527 3685 1482 7271 3799 4321 759 3666 8704 7034 3469 9348 6086 9900 5491 7474 6135 
27 5354 8545 5209 7636 7976 1961 2106 4358 5911 3481 7473 3548 8507 4546 4368 3067 8773 5498 5616 7786 885 9819 7644 6059 3421 7921 1235 
28 6891 1348 5345 3524 5416 4076 4487 3711 1676 6357 6191 8899 2004 9959 4477 4129 5755 2270 2639 4554 3523 8104 3948 486 3057 2925 511 9604 
27 5262 6600 61 3811 9937 6727 5177 8687 1248 7257 8294 1244 2682 2220 2287 2043 5272 2726 7372 3509 1018 8690 4287 1509 2345 5717 2217 
29 9858 534 6231 7109 9980 5693 2591 1433 8680 5023 1647 4582 1489 339 557 2741 7836 8133 8233 6875 4982 6391 8962 3426 3157 9778 451 1350 3531 
28 7735 5336 7496 5115 8193 2218 5022 996 530 5843 4262 7122 292 1483 838 3437 8975 4043 8271 742 5623 3862 9374 7440 651 2329 8270 5410 
28 3611 5503 1818 7279 6677 7203 513 1525 2960 9056 3392 9372 1102 7344 2015 1673 9653 7447 9005 9341 3294 8716 9978 8002 990 7852 9330 9914 
28 9890 1312 2069 2940 5940 1430 2298 3170 9491 6515 8499 2656 5198 9455 5804 3073 2411 7635 2580 2277 1041 8451 1997 2618 9912 8105 5897 9982 
28 9328 1831 8903 477 9384 2873 675 2687 437 4997 8214 7432 4599 4098 5346 4756 3895 7210 268 3999 4102 6101 7128 1834 2514 8487 3580 2497 
28 1764 1365 7929 3763 9974 232 8532 1707 1032 3362 7939 2520 6114 8761 7013 2130 8333 4868 3916 2831 9715 4296 7306 7730 3734 6883 4685 8909 
28 8267 8227 4535 6516 4393 9121 3420 4193 8603 886 6552 609 5073 3175 8713 2695 3231 1743 7241 6165 723 2729 2376 8247 9535 7631 3285 6575 
28 5370 5771 6155 2145 8439 163 8790 9437 8874 6233 7906 3453 8248 2413 9326 1536 6403 1450 8419 8452 9298 5452 8169 7524 5795 9030 9388 9838 
28 7901 6578 4091 1175 6995 5224 3090 7338 8840 8593 532 1023 3360 7077 2369 5746 8319 6443 6691 7749 2471 4409 2751 9633 427 2119 3769 5674 
27 8453 9868 8566 5910 4587 3917 9939 4831 9093 9545 2897 6951 7114 713 3939 2200 8643 9294 1356 9048 9205 2454 2257 480 8236 3918 7917 
28 7256 8152 7611 9984 2664 5671 7028 888 1679 7847 2891 4212 6010 1103 278 9830 5199 2886 5931 3395 2196 1586 814 517 5548 2031 8819 5211 
29 4801 7216 6294 7191 9967 3122 2468 6522 9044 9178 7950 636 3635 7025 7130 8355 6492 1654 5186 4016 3789 7530 7389 8088 6713 7738 4683 2901 2518 
